2026-03-15 00:33:32,790 - INFO - AUD_USD Resetting 4-Hour Boundary.
2026-03-15 00:49:28,342 - INFO - Sleeping... Waking up in 10.80 minutes.
2026-03-15 09:30:40,859 - INFO - AUD_USD Resetting 4-Hour Boundary.
2026-03-15 09:30:41,156 - INFO - Sleeping... Waking up in 14.48 minutes.
2026-03-15 09:33:57,032 - INFO - Thread started. Syncing state...
2026-03-15 09:33:57,032 - INFO - AUD_USD Resetting Monthly Trend 
2026-03-15 09:33:57,187 - INFO - AUD_USD Resetting 4-Hour Boundary.
2026-03-15 09:33:57,294 - INFO - AUD_USD Syncing historical state... Finding the signal.
2026-03-15 09:33:57,378 - INFO - Trip Completed: Bottom -> Top. Signal is now SHORT.
2026-03-15 09:33:57,379 - INFO - Trip Completed: Top -> Bottom. Signal is now BUY.
2026-03-15 09:33:57,380 - INFO - Trip Completed: Bottom -> Top. Signal is now SHORT.
2026-03-15 09:33:57,381 - INFO - Trip Completed: Top -> Bottom. Signal is now BUY.
2026-03-15 09:33:57,383 - INFO - Trip Completed: Bottom -> Top. Signal is now SHORT.
2026-03-15 09:33:57,385 - INFO - AUD_USD Final Sync Result: SignalState.SHORT
2026-03-15 09:33:57,386 - INFO - Sleeping... Waking up in 11.43 minutes.
2026-03-15 09:45:23,259 - INFO - Sleeping... Waking up in 14.84 minutes.
2026-03-15 10:43:33,452 - INFO - Thread started. Syncing state...
2026-03-15 10:43:33,453 - INFO - AUD_USD Resetting Monthly Trend 
2026-03-15 10:43:33,536 - INFO - AUD_USD Resetting 4-Hour Boundary.
2026-03-15 10:43:33,674 - INFO - AUD_USD Syncing historical state... Finding the signal.
2026-03-15 10:43:33,807 - INFO - Trip Completed: Bottom -> Top. Signal is now SHORT.
2026-03-15 10:43:33,808 - INFO - Trip Completed: Top -> Bottom. Signal is now BUY.
2026-03-15 10:43:33,811 - INFO - Trip Completed: Bottom -> Top. Signal is now SHORT.
2026-03-15 10:43:33,814 - INFO - Trip Completed: Top -> Bottom. Signal is now BUY.
2026-03-15 10:43:33,819 - INFO - Trip Completed: Bottom -> Top. Signal is now SHORT.
2026-03-15 10:43:33,821 - INFO - AUD_USD Final Sync Result: SignalState.SHORT
2026-03-15 10:43:33,821 - INFO - Sleeping... Waking up in 1.54 minutes.
2026-03-15 10:45:06,170 - INFO - Sleeping... Waking up in 15.07 minutes.
2026-03-15 10:47:06,154 - INFO - Thread started. Syncing state...
2026-03-15 10:47:06,155 - INFO - AUD_USD Resetting Monthly Trend 
2026-03-15 10:47:06,277 - INFO - AUD_USD Resetting 4-Hour Boundary.
2026-03-15 10:47:06,444 - INFO - AUD_USD Syncing historical state... Finding the signal.
2026-03-15 10:47:06,520 - INFO - Trip Completed: Bottom -> Top. Signal is now SHORT.
2026-03-15 10:47:06,521 - INFO - Trip Completed: Top -> Bottom. Signal is now BUY.
2026-03-15 10:47:06,522 - INFO - Trip Completed: Bottom -> Top. Signal is now SHORT.
2026-03-15 10:47:06,524 - INFO - Trip Completed: Top -> Bottom. Signal is now BUY.
2026-03-15 10:47:06,527 - INFO - Trip Completed: Bottom -> Top. Signal is now SHORT.
2026-03-15 10:47:06,529 - INFO - AUD_USD Final Sync Result: SignalState.SHORT
2026-03-15 10:47:06,529 - INFO - Sleeping... Waking up in 13.14 minutes.
2026-03-15 11:00:14,903 - INFO - AUD_USD Resetting 4-Hour Boundary.
2026-03-15 11:00:15,101 - INFO - Sleeping... Waking up in 15.12 minutes.
2026-03-15 11:21:50,247 - INFO - Sleeping... Waking up in 8.69 minutes.
2026-03-15 11:30:31,797 - INFO - Sleeping... Waking up in 14.97 minutes.
