2026-03-15 02:09:47,907 - INFO - AUD_JPY Resetting 4-Hour Boundary.
2026-03-15 02:16:59,545 - INFO - Sleeping... Waking up in 13.30 minutes.
2026-03-15 09:33:59,040 - INFO - Thread started. Syncing state...
2026-03-15 09:33:59,041 - INFO - AUD_JPY Resetting Monthly Trend 
2026-03-15 09:33:59,154 - INFO - AUD_JPY Resetting 4-Hour Boundary.
2026-03-15 09:33:59,226 - INFO - AUD_JPY Syncing historical state... Finding the signal.
2026-03-15 09:33:59,355 - INFO - Trip Completed: Top -> Bottom. Signal is now BUY.
2026-03-15 09:33:59,358 - INFO - Trip Completed: Bottom -> Top. Signal is now SHORT.
2026-03-15 09:33:59,360 - INFO - AUD_JPY Final Sync Result: SignalState.SHORT
2026-03-15 09:33:59,360 - INFO - Sleeping... Waking up in 11.34 minutes.
2026-03-15 09:45:20,017 - INFO - Sleeping... Waking up in 15.24 minutes.
2026-03-15 10:43:35,460 - INFO - Thread started. Syncing state...
2026-03-15 10:43:35,461 - INFO - AUD_JPY Resetting Monthly Trend 
2026-03-15 10:43:35,561 - INFO - AUD_JPY Resetting 4-Hour Boundary.
2026-03-15 10:43:35,651 - INFO - AUD_JPY Syncing historical state... Finding the signal.
2026-03-15 10:43:35,750 - INFO - Trip Completed: Top -> Bottom. Signal is now BUY.
2026-03-15 10:43:35,754 - INFO - Trip Completed: Bottom -> Top. Signal is now SHORT.
2026-03-15 10:43:35,756 - INFO - AUD_JPY Final Sync Result: SignalState.SHORT
2026-03-15 10:43:35,756 - INFO - Sleeping... Waking up in 1.92 minutes.
2026-03-15 10:45:31,228 - INFO - Sleeping... Waking up in 14.66 minutes.
2026-03-15 10:47:08,166 - INFO - Thread started. Syncing state...
2026-03-15 10:47:08,166 - INFO - AUD_JPY Resetting Monthly Trend 
2026-03-15 10:47:08,281 - INFO - AUD_JPY Resetting 4-Hour Boundary.
2026-03-15 10:47:08,382 - INFO - AUD_JPY Syncing historical state... Finding the signal.
2026-03-15 10:47:08,516 - INFO - Trip Completed: Top -> Bottom. Signal is now BUY.
2026-03-15 10:47:08,521 - INFO - Trip Completed: Bottom -> Top. Signal is now SHORT.
2026-03-15 10:47:08,523 - INFO - AUD_JPY Final Sync Result: SignalState.SHORT
2026-03-15 10:47:08,524 - INFO - Sleeping... Waking up in 13.43 minutes.
2026-03-15 11:00:34,586 - INFO - AUD_JPY Resetting 4-Hour Boundary.
2026-03-15 11:00:34,777 - INFO - Sleeping... Waking up in 14.84 minutes.
2026-03-15 11:21:53,115 - INFO - Sleeping... Waking up in 8.56 minutes.
2026-03-15 11:30:26,616 - INFO - Sleeping... Waking up in 14.73 minutes.
