2026-03-15 09:33:28,929 - INFO - Thread started. Syncing state...
2026-03-15 09:33:28,931 - INFO - AUD_CHF Resetting Monthly Trend 
2026-03-15 09:33:29,025 - INFO - AUD_CHF Resetting 4-Hour Boundary.
2026-03-15 09:33:29,104 - INFO - AUD_CHF Syncing historical state... Finding the signal.
2026-03-15 09:33:29,198 - INFO - Trip Completed: Top -> Bottom. Signal is now BUY.
2026-03-15 09:33:29,199 - INFO - Trip Completed: Bottom -> Top. Signal is now SHORT.
2026-03-15 09:33:29,202 - INFO - AUD_CHF Final Sync Result: SignalState.SHORT
2026-03-15 09:33:29,202 - INFO - Sleeping... Waking up in 11.83 minutes.
2026-03-15 09:45:18,930 - INFO - Sleeping... Waking up in 14.80 minutes.
2026-03-15 10:43:05,320 - INFO - Thread started. Syncing state...
2026-03-15 10:43:05,323 - INFO - AUD_CHF Resetting Monthly Trend 
2026-03-15 10:43:05,505 - INFO - AUD_CHF Resetting 4-Hour Boundary.
2026-03-15 10:43:05,595 - INFO - AUD_CHF Syncing historical state... Finding the signal.
2026-03-15 10:43:05,688 - INFO - Trip Completed: Top -> Bottom. Signal is now BUY.
2026-03-15 10:43:05,692 - INFO - Trip Completed: Bottom -> Top. Signal is now SHORT.
2026-03-15 10:43:05,698 - INFO - AUD_CHF Final Sync Result: SignalState.SHORT
2026-03-15 10:43:05,698 - INFO - Sleeping... Waking up in 2.44 minutes.
2026-03-15 10:45:31,965 - INFO - Sleeping... Waking up in 14.79 minutes.
2026-03-15 10:46:38,020 - INFO - Thread started. Syncing state...
2026-03-15 10:46:38,021 - INFO - AUD_CHF Resetting Monthly Trend 
2026-03-15 10:46:38,154 - INFO - AUD_CHF Resetting 4-Hour Boundary.
2026-03-15 10:46:38,236 - INFO - AUD_CHF Syncing historical state... Finding the signal.
2026-03-15 10:46:38,344 - INFO - Trip Completed: Top -> Bottom. Signal is now BUY.
2026-03-15 10:46:38,348 - INFO - Trip Completed: Bottom -> Top. Signal is now SHORT.
2026-03-15 10:46:38,354 - INFO - AUD_CHF Final Sync Result: SignalState.SHORT
2026-03-15 10:46:38,354 - INFO - Sleeping... Waking up in 13.66 minutes.
2026-03-15 11:00:18,185 - INFO - AUD_CHF Resetting 4-Hour Boundary.
2026-03-15 11:00:18,383 - INFO - Sleeping... Waking up in 15.05 minutes.
2026-03-15 11:21:49,938 - INFO - Sleeping... Waking up in 8.28 minutes.
2026-03-15 11:30:07,035 - INFO - Sleeping... Waking up in 15.20 minutes.
