2026-03-15 00:33:27,931 - INFO - CAD_SGD Resetting 4-Hour Boundary.
2026-03-15 00:33:28,899 - INFO - CAD_SGD Monitoring | Momentum: BUY | Last Signal: SignalState.BUY
2026-03-15 00:33:28,899 - INFO - Sleeping... Waking up in 11.91 minutes.
2026-03-15 09:33:05,853 - INFO - Thread started. Syncing state...
2026-03-15 09:33:05,854 - INFO - CAD_SGD Resetting Monthly Trend 
2026-03-15 09:33:05,945 - INFO - CAD_SGD Resetting 4-Hour Boundary.
2026-03-15 09:33:06,168 - INFO - CAD_SGD Syncing historical state... Finding the signal.
2026-03-15 09:33:06,324 - INFO - Trip Completed: Bottom -> Top. Signal is now SHORT.
2026-03-15 09:33:06,328 - INFO - Trip Completed: Top -> Bottom. Signal is now BUY.
2026-03-15 09:33:06,330 - INFO - CAD_SGD Final Sync Result: SignalState.BUY
2026-03-15 09:33:06,330 - INFO - Sleeping... Waking up in 12.20 minutes.
2026-03-15 09:45:18,597 - INFO - CAD_SGD Monitoring | Momentum: BUY | Last Signal: SignalState.BUY
2026-03-15 09:45:18,599 - INFO - Sleeping... Waking up in 15.25 minutes.
2026-03-15 10:42:42,187 - INFO - Thread started. Syncing state...
2026-03-15 10:42:42,190 - INFO - CAD_SGD Resetting Monthly Trend 
2026-03-15 10:42:42,304 - INFO - CAD_SGD Resetting 4-Hour Boundary.
2026-03-15 10:42:42,380 - INFO - CAD_SGD Syncing historical state... Finding the signal.
2026-03-15 10:42:42,465 - INFO - Trip Completed: Bottom -> Top. Signal is now SHORT.
2026-03-15 10:42:42,471 - INFO - Trip Completed: Top -> Bottom. Signal is now BUY.
2026-03-15 10:42:42,472 - INFO - CAD_SGD Final Sync Result: SignalState.BUY
2026-03-15 10:42:42,473 - INFO - Sleeping... Waking up in 2.48 minutes.
2026-03-15 10:45:11,216 - INFO - CAD_SGD Monitoring | Momentum: BUY | Last Signal: SignalState.BUY
2026-03-15 10:45:11,218 - INFO - Sleeping... Waking up in 15.11 minutes.
2026-03-15 10:46:14,900 - INFO - Thread started. Syncing state...
2026-03-15 10:46:14,900 - INFO - CAD_SGD Resetting Monthly Trend 
2026-03-15 10:46:15,010 - INFO - CAD_SGD Resetting 4-Hour Boundary.
2026-03-15 10:46:15,086 - INFO - CAD_SGD Syncing historical state... Finding the signal.
2026-03-15 10:46:15,169 - INFO - Trip Completed: Bottom -> Top. Signal is now SHORT.
2026-03-15 10:46:15,173 - INFO - Trip Completed: Top -> Bottom. Signal is now BUY.
2026-03-15 10:46:15,174 - INFO - CAD_SGD Final Sync Result: SignalState.BUY
2026-03-15 10:46:15,174 - INFO - Sleeping... Waking up in 14.02 minutes.
2026-03-15 11:00:16,289 - INFO - CAD_SGD Resetting 4-Hour Boundary.
2026-03-15 11:00:16,465 - INFO - CAD_SGD Monitoring | Momentum: BUY | Last Signal: SignalState.BUY
2026-03-15 11:00:16,465 - INFO - Sleeping... Waking up in 14.86 minutes.
2026-03-15 11:15:45,375 - INFO - CAD_SGD Monitoring | Momentum: BUY | Last Signal: SignalState.BUY
2026-03-15 11:15:45,376 - INFO - Sleeping... Waking up in 14.58 minutes.
