2026-03-15 00:17:49,575 - INFO - CHF_JPY Resetting 4-Hour Boundary.
2026-03-15 00:17:49,757 - INFO - CHF_JPY Monitoring | Momentum: BUY | Last Signal: SignalState.BUY
2026-03-15 00:17:49,757 - INFO - Sleeping... Waking up in 12.28 minutes.
2026-03-15 09:33:24,919 - INFO - Thread started. Syncing state...
2026-03-15 09:33:24,920 - INFO - CHF_JPY Resetting Monthly Trend 
2026-03-15 09:33:25,027 - INFO - CHF_JPY Resetting 4-Hour Boundary.
2026-03-15 09:33:25,101 - INFO - CHF_JPY Syncing historical state... Finding the signal.
2026-03-15 09:33:25,188 - INFO - Trip Completed: Top -> Bottom. Signal is now BUY.
2026-03-15 09:33:25,190 - INFO - Trip Completed: Bottom -> Top. Signal is now SHORT.
2026-03-15 09:33:25,191 - INFO - Trip Completed: Top -> Bottom. Signal is now BUY.
2026-03-15 09:33:25,191 - INFO - CHF_JPY Final Sync Result: SignalState.BUY
2026-03-15 09:33:25,192 - INFO - Sleeping... Waking up in 12.06 minutes.
2026-03-15 09:45:29,085 - INFO - CHF_JPY Monitoring | Momentum: BUY | Last Signal: SignalState.BUY
2026-03-15 09:45:29,087 - INFO - Sleeping... Waking up in 14.85 minutes.
2026-03-15 10:43:01,302 - INFO - Thread started. Syncing state...
2026-03-15 10:43:01,304 - INFO - CHF_JPY Resetting Monthly Trend 
2026-03-15 10:43:01,394 - INFO - CHF_JPY Resetting 4-Hour Boundary.
2026-03-15 10:43:01,468 - INFO - CHF_JPY Syncing historical state... Finding the signal.
2026-03-15 10:43:01,558 - INFO - Trip Completed: Top -> Bottom. Signal is now BUY.
2026-03-15 10:43:01,561 - INFO - Trip Completed: Bottom -> Top. Signal is now SHORT.
2026-03-15 10:43:01,563 - INFO - Trip Completed: Top -> Bottom. Signal is now BUY.
2026-03-15 10:43:01,564 - INFO - CHF_JPY Final Sync Result: SignalState.BUY
2026-03-15 10:43:01,564 - INFO - Sleeping... Waking up in 2.17 minutes.
2026-03-15 10:45:11,972 - INFO - CHF_JPY Monitoring | Momentum: BUY | Last Signal: SignalState.BUY
2026-03-15 10:45:11,974 - INFO - Sleeping... Waking up in 15.24 minutes.
2026-03-15 10:46:34,000 - INFO - Thread started. Syncing state...
2026-03-15 10:46:34,000 - INFO - CHF_JPY Resetting Monthly Trend 
2026-03-15 10:46:34,096 - INFO - CHF_JPY Resetting 4-Hour Boundary.
2026-03-15 10:46:34,180 - INFO - CHF_JPY Syncing historical state... Finding the signal.
2026-03-15 10:46:34,254 - INFO - Trip Completed: Top -> Bottom. Signal is now BUY.
2026-03-15 10:46:34,258 - INFO - Trip Completed: Bottom -> Top. Signal is now SHORT.
2026-03-15 10:46:34,260 - INFO - Trip Completed: Top -> Bottom. Signal is now BUY.
2026-03-15 10:46:34,261 - INFO - CHF_JPY Final Sync Result: SignalState.BUY
2026-03-15 10:46:34,261 - INFO - Sleeping... Waking up in 13.75 minutes.
2026-03-15 11:00:19,266 - INFO - CHF_JPY Resetting 4-Hour Boundary.
2026-03-15 11:00:19,439 - INFO - CHF_JPY Monitoring | Momentum: BUY | Last Signal: SignalState.BUY
2026-03-15 11:00:19,439 - INFO - Sleeping... Waking up in 14.82 minutes.
2026-03-15 11:15:46,431 - INFO - CHF_JPY Monitoring | Momentum: BUY | Last Signal: SignalState.BUY
2026-03-15 11:15:46,432 - INFO - Sleeping... Waking up in 14.72 minutes.
