2026-03-15 01:52:06,890 - INFO - CHF_HKD Resetting 4-Hour Boundary.
2026-03-15 02:09:43,796 - INFO - CHF_HKD Monitoring | Momentum: BUY | Last Signal: SignalState.BUY
2026-03-15 02:09:43,796 - INFO - Sleeping... Waking up in 5.81 minutes.
2026-03-15 09:26:26,064 - INFO - CHF_HKD Resetting 4-Hour Boundary.
2026-03-15 09:26:26,247 - INFO - CHF_HKD Monitoring | Momentum: BUY | Last Signal: SignalState.BUY
2026-03-15 09:26:26,247 - INFO - Sleeping... Waking up in 3.69 minutes.
2026-03-15 09:30:07,611 - INFO - CHF_HKD Monitoring | Momentum: BUY | Last Signal: SignalState.BUY
2026-03-15 09:30:07,612 - INFO - Sleeping... Waking up in 15.16 minutes.
2026-03-15 09:34:02,055 - INFO - Thread started. Syncing state...
2026-03-15 09:34:02,056 - INFO - CHF_HKD Resetting Monthly Trend 
2026-03-15 09:34:02,138 - INFO - CHF_HKD Resetting 4-Hour Boundary.
2026-03-15 09:34:02,206 - INFO - CHF_HKD Syncing historical state... Finding the signal.
2026-03-15 09:34:02,300 - INFO - Trip Completed: Bottom -> Top. Signal is now SHORT.
2026-03-15 09:34:02,300 - INFO - Trip Completed: Top -> Bottom. Signal is now BUY.
2026-03-15 09:34:02,304 - INFO - Trip Completed: Bottom -> Top. Signal is now SHORT.
2026-03-15 09:34:02,304 - INFO - Trip Completed: Top -> Bottom. Signal is now BUY.
2026-03-15 09:34:02,307 - INFO - CHF_HKD Final Sync Result: SignalState.BUY
2026-03-15 09:34:02,307 - INFO - Sleeping... Waking up in 11.41 minutes.
2026-03-15 09:45:26,955 - INFO - CHF_HKD Monitoring | Momentum: BUY | Last Signal: SignalState.BUY
2026-03-15 09:45:26,960 - INFO - Sleeping... Waking up in 14.74 minutes.
2026-03-15 10:43:38,476 - INFO - Thread started. Syncing state...
2026-03-15 10:43:38,477 - INFO - CHF_HKD Resetting Monthly Trend 
2026-03-15 10:43:38,597 - INFO - CHF_HKD Resetting 4-Hour Boundary.
2026-03-15 10:43:38,691 - INFO - CHF_HKD Syncing historical state... Finding the signal.
2026-03-15 10:43:38,806 - INFO - Trip Completed: Bottom -> Top. Signal is now SHORT.
2026-03-15 10:43:38,809 - INFO - Trip Completed: Top -> Bottom. Signal is now BUY.
2026-03-15 10:43:38,815 - INFO - Trip Completed: Bottom -> Top. Signal is now SHORT.
2026-03-15 10:43:38,818 - INFO - Trip Completed: Top -> Bottom. Signal is now BUY.
2026-03-15 10:43:38,819 - INFO - CHF_HKD Final Sync Result: SignalState.BUY
2026-03-15 10:43:38,820 - INFO - Sleeping... Waking up in 1.89 minutes.
2026-03-15 10:45:32,352 - INFO - CHF_HKD Monitoring | Momentum: BUY | Last Signal: SignalState.BUY
2026-03-15 10:45:32,353 - INFO - Sleeping... Waking up in 14.85 minutes.
2026-03-15 10:47:11,182 - INFO - Thread started. Syncing state...
2026-03-15 10:47:11,182 - INFO - CHF_HKD Resetting Monthly Trend 
2026-03-15 10:47:11,286 - INFO - CHF_HKD Resetting 4-Hour Boundary.
2026-03-15 10:47:11,371 - INFO - CHF_HKD Syncing historical state... Finding the signal.
2026-03-15 10:47:11,529 - INFO - Trip Completed: Bottom -> Top. Signal is now SHORT.
2026-03-15 10:47:11,530 - INFO - Trip Completed: Top -> Bottom. Signal is now BUY.
2026-03-15 10:47:11,534 - INFO - Trip Completed: Bottom -> Top. Signal is now SHORT.
2026-03-15 10:47:11,536 - INFO - Trip Completed: Top -> Bottom. Signal is now BUY.
2026-03-15 10:47:11,537 - INFO - CHF_HKD Final Sync Result: SignalState.BUY
2026-03-15 10:47:11,537 - INFO - Sleeping... Waking up in 13.07 minutes.
2026-03-15 11:00:15,965 - INFO - CHF_HKD Resetting 4-Hour Boundary.
2026-03-15 11:00:16,284 - INFO - CHF_HKD Monitoring | Momentum: BUY | Last Signal: SignalState.BUY
2026-03-15 11:00:16,284 - INFO - Sleeping... Waking up in 14.90 minutes.
2026-03-15 11:21:38,983 - INFO - CHF_HKD Monitoring | Momentum: BUY | Last Signal: SignalState.BUY
2026-03-15 11:21:38,984 - INFO - Sleeping... Waking up in 8.45 minutes.
2026-03-15 11:30:06,271 - INFO - CHF_HKD Monitoring | Momentum: BUY | Last Signal: SignalState.BUY
2026-03-15 11:30:06,272 - INFO - Sleeping... Waking up in 15.20 minutes.
