2026-03-15 00:04:43,130 - INFO - EUR_JPY Resetting 4-Hour Boundary.
2026-03-15 00:04:43,912 - INFO - Sleeping... Waking up in 10.49 minutes.
2026-03-15 09:30:03,609 - INFO - EUR_JPY Resetting 4-Hour Boundary.
2026-03-15 09:30:03,782 - INFO - Sleeping... Waking up in 15.12 minutes.
2026-03-15 09:33:20,905 - INFO - Thread started. Syncing state...
2026-03-15 09:33:20,906 - INFO - EUR_JPY Resetting Monthly Trend 
2026-03-15 09:33:21,007 - INFO - EUR_JPY Resetting 4-Hour Boundary.
2026-03-15 09:33:21,115 - INFO - EUR_JPY Syncing historical state... Finding the signal.
2026-03-15 09:33:21,436 - INFO - Trip Completed: Top -> Bottom. Signal is now BUY.
2026-03-15 09:33:21,438 - INFO - Trip Completed: Bottom -> Top. Signal is now SHORT.
2026-03-15 09:33:21,440 - INFO - Trip Completed: Top -> Bottom. Signal is now BUY.
2026-03-15 09:33:21,440 - INFO - EUR_JPY Final Sync Result: SignalState.BUY
2026-03-15 09:33:21,440 - INFO - Sleeping... Waking up in 11.95 minutes.
2026-03-15 09:45:18,664 - INFO - Sleeping... Waking up in 15.00 minutes.
2026-03-15 10:42:57,281 - INFO - Thread started. Syncing state...
2026-03-15 10:42:57,283 - INFO - EUR_JPY Resetting Monthly Trend 
2026-03-15 10:42:57,374 - INFO - EUR_JPY Resetting 4-Hour Boundary.
2026-03-15 10:42:57,478 - INFO - EUR_JPY Syncing historical state... Finding the signal.
2026-03-15 10:42:57,586 - INFO - Trip Completed: Top -> Bottom. Signal is now BUY.
2026-03-15 10:42:57,590 - INFO - Trip Completed: Bottom -> Top. Signal is now SHORT.
2026-03-15 10:42:57,596 - INFO - Trip Completed: Top -> Bottom. Signal is now BUY.
2026-03-15 10:42:57,596 - INFO - EUR_JPY Final Sync Result: SignalState.BUY
2026-03-15 10:42:57,596 - INFO - Sleeping... Waking up in 2.28 minutes.
2026-03-15 10:45:14,804 - INFO - Sleeping... Waking up in 15.20 minutes.
2026-03-15 10:46:29,978 - INFO - Thread started. Syncing state...
2026-03-15 10:46:29,980 - INFO - EUR_JPY Resetting Monthly Trend 
2026-03-15 10:46:30,094 - INFO - EUR_JPY Resetting 4-Hour Boundary.
2026-03-15 10:46:30,187 - INFO - EUR_JPY Syncing historical state... Finding the signal.
2026-03-15 10:46:30,301 - INFO - Trip Completed: Top -> Bottom. Signal is now BUY.
2026-03-15 10:46:30,305 - INFO - Trip Completed: Bottom -> Top. Signal is now SHORT.
2026-03-15 10:46:30,312 - INFO - Trip Completed: Top -> Bottom. Signal is now BUY.
2026-03-15 10:46:30,312 - INFO - EUR_JPY Final Sync Result: SignalState.BUY
2026-03-15 10:46:30,313 - INFO - Sleeping... Waking up in 13.82 minutes.
2026-03-15 11:00:19,387 - INFO - EUR_JPY Resetting 4-Hour Boundary.
2026-03-15 11:00:19,588 - INFO - Sleeping... Waking up in 15.12 minutes.
2026-03-15 11:21:54,997 - INFO - Sleeping... Waking up in 8.65 minutes.
2026-03-15 11:30:34,253 - INFO - Sleeping... Waking up in 14.81 minutes.
