2026-03-15 00:17:55,074 - INFO - EUR_CAD Resetting 4-Hour Boundary.
2026-03-15 00:17:55,251 - INFO - Sleeping... Waking up in 12.23 minutes.
2026-03-15 09:33:03,844 - INFO - Thread started. Syncing state...
2026-03-15 09:33:03,844 - INFO - EUR_CAD Resetting Monthly Trend 
2026-03-15 09:33:04,405 - INFO - EUR_CAD Resetting 4-Hour Boundary.
2026-03-15 09:33:04,495 - INFO - EUR_CAD Syncing historical state... Finding the signal.
2026-03-15 09:33:04,647 - INFO - EUR_CAD Info: Price has not traveled between both bands in the last 150 candles.
2026-03-15 09:33:04,647 - INFO - Sleeping... Waking up in 12.07 minutes.
2026-03-15 09:45:09,086 - INFO - Sleeping... Waking up in 15.40 minutes.
2026-03-15 10:42:40,176 - INFO - Thread started. Syncing state...
2026-03-15 10:42:40,176 - INFO - EUR_CAD Resetting Monthly Trend 
2026-03-15 10:42:41,148 - INFO - EUR_CAD Resetting 4-Hour Boundary.
2026-03-15 10:42:41,254 - INFO - EUR_CAD Syncing historical state... Finding the signal.
2026-03-15 10:42:42,516 - INFO - EUR_CAD Info: Price has not traveled between both bands in the last 150 candles.
2026-03-15 10:42:42,516 - INFO - Sleeping... Waking up in 2.79 minutes.
2026-03-15 10:45:29,847 - INFO - Sleeping... Waking up in 14.76 minutes.
2026-03-15 10:46:12,890 - INFO - Thread started. Syncing state...
2026-03-15 10:46:12,890 - INFO - EUR_CAD Resetting Monthly Trend 
2026-03-15 10:46:13,358 - INFO - EUR_CAD Resetting 4-Hour Boundary.
2026-03-15 10:46:13,500 - INFO - EUR_CAD Syncing historical state... Finding the signal.
2026-03-15 10:46:13,617 - INFO - EUR_CAD Info: Price has not traveled between both bands in the last 150 candles.
2026-03-15 10:46:13,617 - INFO - Sleeping... Waking up in 14.03 minutes.
2026-03-15 11:00:15,282 - INFO - EUR_CAD Resetting 4-Hour Boundary.
2026-03-15 11:00:15,627 - INFO - Sleeping... Waking up in 15.15 minutes.
2026-03-15 11:21:53,049 - INFO - Sleeping... Waking up in 8.50 minutes.
2026-03-15 11:30:22,996 - INFO - Sleeping... Waking up in 15.05 minutes.
