2026-03-15 01:35:41,926 - INFO - EUR_HKD Resetting 4-Hour Boundary.
2026-03-15 01:35:43,230 - INFO - EUR_HKD Monitoring | Momentum: BUY | Last Signal: SignalState.BUY
2026-03-15 01:35:43,230 - INFO - Sleeping... Waking up in 9.43 minutes.
2026-03-15 09:29:53,477 - INFO - EUR_HKD Resetting 4-Hour Boundary.
2026-03-15 09:29:53,688 - INFO - EUR_HKD Monitoring | Momentum: BUY | Last Signal: SignalState.BUY
2026-03-15 09:29:53,689 - INFO - Sleeping... Waking up in 0.40 minutes.
2026-03-15 09:30:17,665 - INFO - EUR_HKD Monitoring | Momentum: BUY | Last Signal: SignalState.BUY
2026-03-15 09:30:17,667 - INFO - Sleeping... Waking up in 14.81 minutes.
2026-03-15 09:33:25,921 - INFO - Thread started. Syncing state...
2026-03-15 09:33:25,922 - INFO - EUR_HKD Resetting Monthly Trend 
2026-03-15 09:33:26,015 - INFO - EUR_HKD Resetting 4-Hour Boundary.
2026-03-15 09:33:26,086 - INFO - EUR_HKD Syncing historical state... Finding the signal.
2026-03-15 09:33:26,199 - INFO - Trip Completed: Bottom -> Top. Signal is now SHORT.
2026-03-15 09:33:26,200 - INFO - Trip Completed: Top -> Bottom. Signal is now BUY.
2026-03-15 09:33:26,202 - INFO - Trip Completed: Bottom -> Top. Signal is now SHORT.
2026-03-15 09:33:26,203 - INFO - Trip Completed: Top -> Bottom. Signal is now BUY.
2026-03-15 09:33:26,203 - INFO - EUR_HKD Final Sync Result: SignalState.BUY
2026-03-15 09:33:26,204 - INFO - Sleeping... Waking up in 11.74 minutes.
2026-03-15 09:45:11,036 - INFO - EUR_HKD Monitoring | Momentum: BUY | Last Signal: SignalState.BUY
2026-03-15 09:45:11,038 - INFO - Sleeping... Waking up in 14.97 minutes.
2026-03-15 10:43:02,307 - INFO - Thread started. Syncing state...
2026-03-15 10:43:02,309 - INFO - EUR_HKD Resetting Monthly Trend 
2026-03-15 10:43:02,608 - INFO - EUR_HKD Resetting 4-Hour Boundary.
2026-03-15 10:43:02,718 - INFO - EUR_HKD Syncing historical state... Finding the signal.
2026-03-15 10:43:02,804 - INFO - Trip Completed: Bottom -> Top. Signal is now SHORT.
2026-03-15 10:43:02,805 - INFO - Trip Completed: Top -> Bottom. Signal is now BUY.
2026-03-15 10:43:02,808 - INFO - Trip Completed: Bottom -> Top. Signal is now SHORT.
2026-03-15 10:43:02,810 - INFO - Trip Completed: Top -> Bottom. Signal is now BUY.
2026-03-15 10:43:02,810 - INFO - EUR_HKD Final Sync Result: SignalState.BUY
2026-03-15 10:43:02,811 - INFO - Sleeping... Waking up in 2.53 minutes.
2026-03-15 10:45:34,768 - INFO - EUR_HKD Monitoring | Momentum: BUY | Last Signal: SignalState.BUY
2026-03-15 10:45:34,770 - INFO - Sleeping... Waking up in 14.65 minutes.
2026-03-15 10:46:35,005 - INFO - Thread started. Syncing state...
2026-03-15 10:46:35,006 - INFO - EUR_HKD Resetting Monthly Trend 
2026-03-15 10:46:35,106 - INFO - EUR_HKD Resetting 4-Hour Boundary.
2026-03-15 10:46:35,236 - INFO - EUR_HKD Syncing historical state... Finding the signal.
2026-03-15 10:46:35,356 - INFO - Trip Completed: Bottom -> Top. Signal is now SHORT.
2026-03-15 10:46:35,358 - INFO - Trip Completed: Top -> Bottom. Signal is now BUY.
2026-03-15 10:46:35,365 - INFO - Trip Completed: Bottom -> Top. Signal is now SHORT.
2026-03-15 10:46:35,368 - INFO - Trip Completed: Top -> Bottom. Signal is now BUY.
2026-03-15 10:46:35,369 - INFO - EUR_HKD Final Sync Result: SignalState.BUY
2026-03-15 10:46:35,369 - INFO - Sleeping... Waking up in 13.87 minutes.
2026-03-15 11:00:27,588 - INFO - EUR_HKD Resetting 4-Hour Boundary.
2026-03-15 11:00:27,763 - INFO - EUR_HKD Monitoring | Momentum: BUY | Last Signal: SignalState.BUY
2026-03-15 11:00:27,763 - INFO - Sleeping... Waking up in 14.71 minutes.
2026-03-15 11:21:38,975 - INFO - EUR_HKD Monitoring | Momentum: BUY | Last Signal: SignalState.BUY
2026-03-15 11:21:38,976 - INFO - Sleeping... Waking up in 8.60 minutes.
2026-03-15 11:30:15,213 - INFO - EUR_HKD Monitoring | Momentum: BUY | Last Signal: SignalState.BUY
2026-03-15 11:30:15,215 - INFO - Sleeping... Waking up in 15.08 minutes.
