2026-03-15 00:33:32,774 - INFO - EUR_NZD Resetting 4-Hour Boundary.
2026-03-15 00:49:27,760 - INFO - EUR_NZD Monitoring | Momentum: SHORT | Last Signal: SignalState.SHORT
2026-03-15 00:49:27,761 - INFO - Sleeping... Waking up in 10.86 minutes.
2026-03-15 09:30:44,456 - INFO - EUR_NZD Resetting 4-Hour Boundary.
2026-03-15 09:30:44,669 - INFO - EUR_NZD Monitoring | Momentum: SHORT | Last Signal: SignalState.SHORT
2026-03-15 09:30:44,669 - INFO - Sleeping... Waking up in 14.67 minutes.
2026-03-15 09:33:22,908 - INFO - Thread started. Syncing state...
2026-03-15 09:33:22,910 - INFO - EUR_NZD Resetting Monthly Trend 
2026-03-15 09:33:22,989 - INFO - EUR_NZD Resetting 4-Hour Boundary.
2026-03-15 09:33:23,069 - INFO - EUR_NZD Syncing historical state... Finding the signal.
2026-03-15 09:33:23,151 - INFO - Trip Completed: Bottom -> Top. Signal is now SHORT.
2026-03-15 09:33:23,153 - INFO - Trip Completed: Top -> Bottom. Signal is now BUY.
2026-03-15 09:33:23,154 - INFO - Trip Completed: Bottom -> Top. Signal is now SHORT.
2026-03-15 09:33:23,154 - INFO - Trip Completed: Top -> Bottom. Signal is now BUY.
2026-03-15 09:33:23,157 - INFO - Trip Completed: Bottom -> Top. Signal is now SHORT.
2026-03-15 09:33:23,158 - INFO - EUR_NZD Final Sync Result: SignalState.SHORT
2026-03-15 09:33:23,159 - INFO - Sleeping... Waking up in 12.01 minutes.
2026-03-15 09:45:24,132 - INFO - EUR_NZD Monitoring | Momentum: SHORT | Last Signal: SignalState.SHORT
2026-03-15 09:45:24,134 - INFO - Sleeping... Waking up in 15.06 minutes.
2026-03-15 10:42:59,295 - INFO - Thread started. Syncing state...
2026-03-15 10:42:59,297 - INFO - EUR_NZD Resetting Monthly Trend 
2026-03-15 10:42:59,488 - INFO - EUR_NZD Resetting 4-Hour Boundary.
2026-03-15 10:42:59,613 - INFO - EUR_NZD Syncing historical state... Finding the signal.
2026-03-15 10:42:59,709 - INFO - Trip Completed: Bottom -> Top. Signal is now SHORT.
2026-03-15 10:42:59,716 - INFO - Trip Completed: Top -> Bottom. Signal is now BUY.
2026-03-15 10:42:59,719 - INFO - Trip Completed: Bottom -> Top. Signal is now SHORT.
2026-03-15 10:42:59,722 - INFO - Trip Completed: Top -> Bottom. Signal is now BUY.
2026-03-15 10:42:59,727 - INFO - Trip Completed: Bottom -> Top. Signal is now SHORT.
2026-03-15 10:42:59,729 - INFO - EUR_NZD Final Sync Result: SignalState.SHORT
2026-03-15 10:42:59,729 - INFO - Sleeping... Waking up in 2.45 minutes.
2026-03-15 10:45:27,014 - INFO - EUR_NZD Monitoring | Momentum: SHORT | Last Signal: SignalState.SHORT
2026-03-15 10:45:27,015 - INFO - Sleeping... Waking up in 14.73 minutes.
2026-03-15 10:46:31,985 - INFO - Thread started. Syncing state...
2026-03-15 10:46:31,987 - INFO - EUR_NZD Resetting Monthly Trend 
2026-03-15 10:46:32,074 - INFO - EUR_NZD Resetting 4-Hour Boundary.
2026-03-15 10:46:32,159 - INFO - EUR_NZD Syncing historical state... Finding the signal.
2026-03-15 10:46:32,259 - INFO - Trip Completed: Bottom -> Top. Signal is now SHORT.
2026-03-15 10:46:32,266 - INFO - Trip Completed: Top -> Bottom. Signal is now BUY.
2026-03-15 10:46:32,269 - INFO - Trip Completed: Bottom -> Top. Signal is now SHORT.
2026-03-15 10:46:32,272 - INFO - Trip Completed: Top -> Bottom. Signal is now BUY.
2026-03-15 10:46:32,278 - INFO - Trip Completed: Bottom -> Top. Signal is now SHORT.
2026-03-15 10:46:32,279 - INFO - EUR_NZD Final Sync Result: SignalState.SHORT
2026-03-15 10:46:32,279 - INFO - Sleeping... Waking up in 13.83 minutes.
2026-03-15 11:00:22,291 - INFO - EUR_NZD Resetting 4-Hour Boundary.
2026-03-15 11:00:22,450 - INFO - EUR_NZD Monitoring | Momentum: SHORT | Last Signal: SignalState.SHORT
2026-03-15 11:00:22,450 - INFO - Sleeping... Waking up in 14.90 minutes.
2026-03-15 11:21:44,709 - INFO - EUR_NZD Monitoring | Momentum: SHORT | Last Signal: SignalState.SHORT
2026-03-15 11:21:44,711 - INFO - Sleeping... Waking up in 8.41 minutes.
2026-03-15 11:30:09,614 - INFO - EUR_NZD Monitoring | Momentum: SHORT | Last Signal: SignalState.SHORT
2026-03-15 11:30:09,616 - INFO - Sleeping... Waking up in 15.09 minutes.
