2026-03-15 00:49:28,254 - INFO - EUR_NOK Resetting 4-Hour Boundary.
2026-03-15 00:49:28,885 - INFO - Sleeping... Waking up in 10.73 minutes.
2026-03-15 09:30:37,651 - INFO - EUR_NOK Resetting 4-Hour Boundary.
2026-03-15 09:30:37,831 - INFO - Sleeping... Waking up in 14.86 minutes.
2026-03-15 09:34:09,086 - INFO - Thread started. Syncing state...
2026-03-15 09:34:09,088 - INFO - EUR_NOK Resetting Monthly Trend 
2026-03-15 09:34:09,185 - INFO - EUR_NOK Resetting 4-Hour Boundary.
2026-03-15 09:34:09,269 - INFO - EUR_NOK Syncing historical state... Finding the signal.
2026-03-15 09:34:09,365 - INFO - Trip Completed: Bottom -> Top. Signal is now SHORT.
2026-03-15 09:34:09,366 - INFO - Trip Completed: Top -> Bottom. Signal is now BUY.
2026-03-15 09:34:09,370 - INFO - EUR_NOK Final Sync Result: SignalState.BUY
2026-03-15 09:34:09,370 - INFO - Sleeping... Waking up in 11.15 minutes.
2026-03-15 09:45:18,333 - INFO - Sleeping... Waking up in 14.98 minutes.
2026-03-15 10:43:45,511 - INFO - Thread started. Syncing state...
2026-03-15 10:43:45,512 - INFO - EUR_NOK Resetting Monthly Trend 
2026-03-15 10:43:45,722 - INFO - EUR_NOK Resetting 4-Hour Boundary.
2026-03-15 10:43:45,819 - INFO - EUR_NOK Syncing historical state... Finding the signal.
2026-03-15 10:43:45,955 - INFO - Trip Completed: Bottom -> Top. Signal is now SHORT.
2026-03-15 10:43:45,961 - INFO - Trip Completed: Top -> Bottom. Signal is now BUY.
2026-03-15 10:43:45,967 - INFO - EUR_NOK Final Sync Result: SignalState.BUY
2026-03-15 10:43:45,968 - INFO - Sleeping... Waking up in 1.77 minutes.
2026-03-15 10:45:32,108 - INFO - Sleeping... Waking up in 14.96 minutes.
2026-03-15 10:47:18,213 - INFO - Thread started. Syncing state...
2026-03-15 10:47:18,213 - INFO - EUR_NOK Resetting Monthly Trend 
2026-03-15 10:47:18,314 - INFO - EUR_NOK Resetting 4-Hour Boundary.
2026-03-15 10:47:18,396 - INFO - EUR_NOK Syncing historical state... Finding the signal.
2026-03-15 10:47:18,505 - INFO - Trip Completed: Bottom -> Top. Signal is now SHORT.
2026-03-15 10:47:18,511 - INFO - Trip Completed: Top -> Bottom. Signal is now BUY.
2026-03-15 10:47:18,518 - INFO - EUR_NOK Final Sync Result: SignalState.BUY
2026-03-15 10:47:18,518 - INFO - Sleeping... Waking up in 13.02 minutes.
2026-03-15 11:00:19,667 - INFO - EUR_NOK Resetting 4-Hour Boundary.
2026-03-15 11:00:19,848 - INFO - Sleeping... Waking up in 15.12 minutes.
2026-03-15 11:21:54,970 - INFO - Sleeping... Waking up in 8.55 minutes.
2026-03-15 11:30:27,890 - INFO - Sleeping... Waking up in 14.84 minutes.
