2026-03-15 00:17:49,714 - INFO - EUR_CHF Resetting 4-Hour Boundary.
2026-03-15 00:17:49,913 - INFO - Sleeping... Waking up in 12.66 minutes.
2026-03-15 09:33:37,960 - INFO - Thread started. Syncing state...
2026-03-15 09:33:37,962 - INFO - EUR_CHF Resetting Monthly Trend 
2026-03-15 09:33:38,057 - INFO - EUR_CHF Resetting 4-Hour Boundary.
2026-03-15 09:33:38,134 - INFO - EUR_CHF Syncing historical state... Finding the signal.
2026-03-15 09:33:38,221 - INFO - Trip Completed: Top -> Bottom. Signal is now BUY.
2026-03-15 09:33:38,224 - INFO - EUR_CHF Final Sync Result: SignalState.BUY
2026-03-15 09:33:38,224 - INFO - Sleeping... Waking up in 11.52 minutes.
2026-03-15 09:45:09,647 - INFO - Sleeping... Waking up in 15.16 minutes.
2026-03-15 10:43:14,363 - INFO - Thread started. Syncing state...
2026-03-15 10:43:14,364 - INFO - EUR_CHF Resetting Monthly Trend 
2026-03-15 10:43:14,487 - INFO - EUR_CHF Resetting 4-Hour Boundary.
2026-03-15 10:43:14,572 - INFO - EUR_CHF Syncing historical state... Finding the signal.
2026-03-15 10:43:14,718 - INFO - Trip Completed: Top -> Bottom. Signal is now BUY.
2026-03-15 10:43:14,725 - INFO - EUR_CHF Final Sync Result: SignalState.BUY
2026-03-15 10:43:14,725 - INFO - Sleeping... Waking up in 1.95 minutes.
2026-03-15 10:45:11,901 - INFO - Sleeping... Waking up in 15.13 minutes.
2026-03-15 10:46:47,060 - INFO - Thread started. Syncing state...
2026-03-15 10:46:47,061 - INFO - EUR_CHF Resetting Monthly Trend 
2026-03-15 10:46:47,178 - INFO - EUR_CHF Resetting 4-Hour Boundary.
2026-03-15 10:46:47,359 - INFO - EUR_CHF Syncing historical state... Finding the signal.
2026-03-15 10:46:47,458 - INFO - Trip Completed: Top -> Bottom. Signal is now BUY.
2026-03-15 10:46:47,464 - INFO - EUR_CHF Final Sync Result: SignalState.BUY
2026-03-15 10:46:47,465 - INFO - Sleeping... Waking up in 13.70 minutes.
2026-03-15 11:00:29,183 - INFO - EUR_CHF Resetting 4-Hour Boundary.
2026-03-15 11:00:29,372 - INFO - Sleeping... Waking up in 14.70 minutes.
2026-03-15 11:21:39,421 - INFO - Sleeping... Waking up in 8.71 minutes.
2026-03-15 11:30:22,267 - INFO - Sleeping... Waking up in 14.85 minutes.
