2026-03-15 02:23:08,554 - INFO - EUR_CZK Resetting 4-Hour Boundary.
2026-03-15 02:23:08,727 - INFO - Sleeping... Waking up in 7.11 minutes.
2026-03-15 09:28:01,124 - INFO - EUR_CZK Resetting 4-Hour Boundary.
2026-03-15 09:28:01,298 - INFO - Sleeping... Waking up in 2.41 minutes.
2026-03-15 09:30:26,052 - INFO - Sleeping... Waking up in 14.72 minutes.
2026-03-15 09:33:40,968 - INFO - Thread started. Syncing state...
2026-03-15 09:33:40,970 - INFO - EUR_CZK Resetting Monthly Trend 
2026-03-15 09:33:41,067 - INFO - EUR_CZK Resetting 4-Hour Boundary.
2026-03-15 09:33:41,146 - INFO - EUR_CZK Syncing historical state... Finding the signal.
2026-03-15 09:33:41,239 - INFO - Trip Completed: Top -> Bottom. Signal is now BUY.
2026-03-15 09:33:41,242 - INFO - Trip Completed: Bottom -> Top. Signal is now SHORT.
2026-03-15 09:33:41,244 - INFO - Trip Completed: Top -> Bottom. Signal is now BUY.
2026-03-15 09:33:41,246 - INFO - Trip Completed: Bottom -> Top. Signal is now SHORT.
2026-03-15 09:33:41,247 - INFO - EUR_CZK Final Sync Result: SignalState.SHORT
2026-03-15 09:33:41,248 - INFO - Sleeping... Waking up in 11.48 minutes.
2026-03-15 09:45:09,921 - INFO - Sleeping... Waking up in 14.94 minutes.
2026-03-15 10:43:17,378 - INFO - Thread started. Syncing state...
2026-03-15 10:43:17,380 - INFO - EUR_CZK Resetting Monthly Trend 
2026-03-15 10:43:17,554 - INFO - EUR_CZK Resetting 4-Hour Boundary.
2026-03-15 10:43:17,659 - INFO - EUR_CZK Syncing historical state... Finding the signal.
2026-03-15 10:43:17,747 - INFO - Trip Completed: Top -> Bottom. Signal is now BUY.
2026-03-15 10:43:17,754 - INFO - Trip Completed: Bottom -> Top. Signal is now SHORT.
2026-03-15 10:43:17,758 - INFO - Trip Completed: Top -> Bottom. Signal is now BUY.
2026-03-15 10:43:17,763 - INFO - Trip Completed: Bottom -> Top. Signal is now SHORT.
2026-03-15 10:43:17,763 - INFO - EUR_CZK Final Sync Result: SignalState.SHORT
2026-03-15 10:43:17,764 - INFO - Sleeping... Waking up in 2.28 minutes.
2026-03-15 10:45:34,806 - INFO - Sleeping... Waking up in 14.69 minutes.
2026-03-15 10:46:50,076 - INFO - Thread started. Syncing state...
2026-03-15 10:46:50,078 - INFO - EUR_CZK Resetting Monthly Trend 
2026-03-15 10:46:50,209 - INFO - EUR_CZK Resetting 4-Hour Boundary.
2026-03-15 10:46:50,301 - INFO - EUR_CZK Syncing historical state... Finding the signal.
2026-03-15 10:46:50,404 - INFO - Trip Completed: Top -> Bottom. Signal is now BUY.
2026-03-15 10:46:50,411 - INFO - Trip Completed: Bottom -> Top. Signal is now SHORT.
2026-03-15 10:46:50,416 - INFO - Trip Completed: Top -> Bottom. Signal is now BUY.
2026-03-15 10:46:50,422 - INFO - Trip Completed: Bottom -> Top. Signal is now SHORT.
2026-03-15 10:46:50,422 - INFO - EUR_CZK Final Sync Result: SignalState.SHORT
2026-03-15 10:46:50,422 - INFO - Sleeping... Waking up in 13.35 minutes.
2026-03-15 11:00:11,317 - INFO - EUR_CZK Resetting 4-Hour Boundary.
2026-03-15 11:00:11,485 - INFO - Sleeping... Waking up in 15.06 minutes.
2026-03-15 11:21:43,547 - INFO - Sleeping... Waking up in 8.84 minutes.
2026-03-15 11:30:33,944 - INFO - Sleeping... Waking up in 14.86 minutes.
