2026-03-15 00:17:53,869 - INFO - EUR_DKK Resetting 4-Hour Boundary.
2026-03-15 00:17:54,045 - INFO - EUR_DKK Monitoring | Momentum: SHORT | Last Signal: SignalState.SHORT
2026-03-15 00:17:54,045 - INFO - Sleeping... Waking up in 12.41 minutes.
2026-03-15 09:33:41,974 - INFO - Thread started. Syncing state...
2026-03-15 09:33:41,975 - INFO - EUR_DKK Resetting Monthly Trend 
2026-03-15 09:33:42,156 - INFO - EUR_DKK Resetting 4-Hour Boundary.
2026-03-15 09:33:42,238 - INFO - EUR_DKK Syncing historical state... Finding the signal.
2026-03-15 09:33:42,333 - INFO - Trip Completed: Top -> Bottom. Signal is now BUY.
2026-03-15 09:33:42,334 - INFO - Trip Completed: Bottom -> Top. Signal is now SHORT.
2026-03-15 09:33:42,336 - INFO - Trip Completed: Top -> Bottom. Signal is now BUY.
2026-03-15 09:33:42,338 - INFO - Trip Completed: Bottom -> Top. Signal is now SHORT.
2026-03-15 09:33:42,338 - INFO - EUR_DKK Final Sync Result: SignalState.SHORT
2026-03-15 09:33:42,339 - INFO - Sleeping... Waking up in 11.84 minutes.
2026-03-15 09:45:32,725 - INFO - EUR_DKK Monitoring | Momentum: SHORT | Last Signal: SignalState.SHORT
2026-03-15 09:45:32,726 - INFO - Sleeping... Waking up in 14.60 minutes.
2026-03-15 10:43:18,384 - INFO - Thread started. Syncing state...
2026-03-15 10:43:18,390 - INFO - EUR_DKK Resetting Monthly Trend 
2026-03-15 10:43:18,509 - INFO - EUR_DKK Resetting 4-Hour Boundary.
2026-03-15 10:43:18,592 - INFO - EUR_DKK Syncing historical state... Finding the signal.
2026-03-15 10:43:18,662 - INFO - Trip Completed: Top -> Bottom. Signal is now BUY.
2026-03-15 10:43:18,663 - INFO - Trip Completed: Bottom -> Top. Signal is now SHORT.
2026-03-15 10:43:18,667 - INFO - Trip Completed: Top -> Bottom. Signal is now BUY.
2026-03-15 10:43:18,670 - INFO - Trip Completed: Bottom -> Top. Signal is now SHORT.
2026-03-15 10:43:18,672 - INFO - EUR_DKK Final Sync Result: SignalState.SHORT
2026-03-15 10:43:18,673 - INFO - Sleeping... Waking up in 2.14 minutes.
2026-03-15 10:45:27,227 - INFO - EUR_DKK Monitoring | Momentum: SHORT | Last Signal: SignalState.SHORT
2026-03-15 10:45:27,227 - INFO - Sleeping... Waking up in 15.03 minutes.
2026-03-15 10:46:51,080 - INFO - Thread started. Syncing state...
2026-03-15 10:46:51,081 - INFO - EUR_DKK Resetting Monthly Trend 
2026-03-15 10:46:51,175 - INFO - EUR_DKK Resetting 4-Hour Boundary.
2026-03-15 10:46:51,291 - INFO - EUR_DKK Syncing historical state... Finding the signal.
2026-03-15 10:46:51,411 - INFO - Trip Completed: Top -> Bottom. Signal is now BUY.
2026-03-15 10:46:51,413 - INFO - Trip Completed: Bottom -> Top. Signal is now SHORT.
2026-03-15 10:46:51,417 - INFO - Trip Completed: Top -> Bottom. Signal is now BUY.
2026-03-15 10:46:51,421 - INFO - Trip Completed: Bottom -> Top. Signal is now SHORT.
2026-03-15 10:46:51,424 - INFO - EUR_DKK Final Sync Result: SignalState.SHORT
2026-03-15 10:46:51,425 - INFO - Sleeping... Waking up in 13.70 minutes.
2026-03-15 11:00:33,178 - INFO - EUR_DKK Resetting 4-Hour Boundary.
2026-03-15 11:00:33,370 - INFO - EUR_DKK Monitoring | Momentum: SHORT | Last Signal: SignalState.SHORT
2026-03-15 11:00:33,370 - INFO - Sleeping... Waking up in 14.86 minutes.
2026-03-15 11:21:53,367 - INFO - EUR_DKK Monitoring | Momentum: SHORT | Last Signal: SignalState.SHORT
2026-03-15 11:21:53,369 - INFO - Sleeping... Waking up in 8.30 minutes.
2026-03-15 11:30:11,361 - INFO - EUR_DKK Monitoring | Momentum: SHORT | Last Signal: SignalState.SHORT
2026-03-15 11:30:11,363 - INFO - Sleeping... Waking up in 15.17 minutes.
