2026-03-15 09:30:22,900 - INFO - EUR_ZAR Resetting 4-Hour Boundary.
2026-03-15 09:30:23,171 - INFO - Sleeping... Waking up in 15.16 minutes.
2026-03-15 09:33:09,865 - INFO - Thread started. Syncing state...
2026-03-15 09:33:09,867 - INFO - EUR_ZAR Resetting Monthly Trend 
2026-03-15 09:33:09,960 - INFO - EUR_ZAR Resetting 4-Hour Boundary.
2026-03-15 09:33:10,084 - INFO - EUR_ZAR Syncing historical state... Finding the signal.
2026-03-15 09:33:10,161 - INFO - Trip Completed: Top -> Bottom. Signal is now BUY.
2026-03-15 09:33:10,162 - INFO - Trip Completed: Bottom -> Top. Signal is now SHORT.
2026-03-15 09:33:10,166 - INFO - Trip Completed: Top -> Bottom. Signal is now BUY.
2026-03-15 09:33:10,167 - INFO - EUR_ZAR Final Sync Result: SignalState.BUY
2026-03-15 09:33:10,168 - INFO - Sleeping... Waking up in 12.19 minutes.
2026-03-15 09:45:21,539 - INFO - Sleeping... Waking up in 14.83 minutes.
2026-03-15 10:42:46,218 - INFO - Thread started. Syncing state...
2026-03-15 10:42:46,220 - INFO - EUR_ZAR Resetting Monthly Trend 
2026-03-15 10:42:46,410 - INFO - EUR_ZAR Resetting 4-Hour Boundary.
2026-03-15 10:42:46,505 - INFO - EUR_ZAR Syncing historical state... Finding the signal.
2026-03-15 10:42:46,608 - INFO - Trip Completed: Top -> Bottom. Signal is now BUY.
2026-03-15 10:42:46,612 - INFO - Trip Completed: Bottom -> Top. Signal is now SHORT.
2026-03-15 10:42:46,619 - INFO - Trip Completed: Top -> Bottom. Signal is now BUY.
2026-03-15 10:42:46,621 - INFO - EUR_ZAR Final Sync Result: SignalState.BUY
2026-03-15 10:42:46,622 - INFO - Sleeping... Waking up in 2.46 minutes.
2026-03-15 10:45:14,601 - INFO - Sleeping... Waking up in 15.14 minutes.
2026-03-15 10:46:18,922 - INFO - Thread started. Syncing state...
2026-03-15 10:46:18,923 - INFO - EUR_ZAR Resetting Monthly Trend 
2026-03-15 10:46:19,010 - INFO - EUR_ZAR Resetting 4-Hour Boundary.
2026-03-15 10:46:19,086 - INFO - EUR_ZAR Syncing historical state... Finding the signal.
2026-03-15 10:46:19,169 - INFO - Trip Completed: Top -> Bottom. Signal is now BUY.
2026-03-15 10:46:19,171 - INFO - Trip Completed: Bottom -> Top. Signal is now SHORT.
2026-03-15 10:46:19,175 - INFO - Trip Completed: Top -> Bottom. Signal is now BUY.
2026-03-15 10:46:19,178 - INFO - EUR_ZAR Final Sync Result: SignalState.BUY
2026-03-15 10:46:19,178 - INFO - Sleeping... Waking up in 13.86 minutes.
2026-03-15 11:00:10,841 - INFO - EUR_ZAR Resetting 4-Hour Boundary.
2026-03-15 11:00:11,222 - INFO - Sleeping... Waking up in 15.09 minutes.
2026-03-15 11:21:44,916 - INFO - Sleeping... Waking up in 8.54 minutes.
2026-03-15 11:30:17,176 - INFO - Sleeping... Waking up in 14.95 minutes.
