2026-03-15 09:12:05,689 - INFO - EUR_PLN Resetting 4-Hour Boundary.
2026-03-15 09:12:06,981 - INFO - EUR_PLN Monitoring | Momentum: BUY | Last Signal: SignalState.BUY
2026-03-15 09:12:06,982 - INFO - Sleeping... Waking up in 3.07 minutes.
2026-03-15 09:27:04,905 - INFO - EUR_PLN Monitoring | Momentum: BUY | Last Signal: SignalState.BUY
2026-03-15 09:27:04,908 - INFO - Sleeping... Waking up in 3.11 minutes.
2026-03-15 09:30:11,427 - INFO - EUR_PLN Monitoring | Momentum: BUY | Last Signal: SignalState.BUY
2026-03-15 09:30:11,428 - INFO - Sleeping... Waking up in 15.03 minutes.
2026-03-15 09:33:53,016 - INFO - Thread started. Syncing state...
2026-03-15 09:33:53,018 - INFO - EUR_PLN Resetting Monthly Trend 
2026-03-15 09:33:53,121 - INFO - EUR_PLN Resetting 4-Hour Boundary.
2026-03-15 09:33:53,208 - INFO - EUR_PLN Syncing historical state... Finding the signal.
2026-03-15 09:33:53,324 - INFO - Trip Completed: Top -> Bottom. Signal is now BUY.
2026-03-15 09:33:53,328 - INFO - EUR_PLN Final Sync Result: SignalState.BUY
2026-03-15 09:33:53,329 - INFO - Sleeping... Waking up in 11.25 minutes.
2026-03-15 09:45:08,560 - INFO - EUR_PLN Monitoring | Momentum: BUY | Last Signal: SignalState.BUY
2026-03-15 09:45:08,562 - INFO - Sleeping... Waking up in 15.41 minutes.
2026-03-15 10:43:29,433 - INFO - Thread started. Syncing state...
2026-03-15 10:43:29,436 - INFO - EUR_PLN Resetting Monthly Trend 
2026-03-15 10:43:29,579 - INFO - EUR_PLN Resetting 4-Hour Boundary.
2026-03-15 10:43:29,707 - INFO - EUR_PLN Syncing historical state... Finding the signal.
2026-03-15 10:43:29,828 - INFO - Trip Completed: Top -> Bottom. Signal is now BUY.
2026-03-15 10:43:29,834 - INFO - EUR_PLN Final Sync Result: SignalState.BUY
2026-03-15 10:43:29,834 - INFO - Sleeping... Waking up in 1.67 minutes.
2026-03-15 10:45:10,112 - INFO - EUR_PLN Monitoring | Momentum: BUY | Last Signal: SignalState.BUY
2026-03-15 10:45:10,114 - INFO - Sleeping... Waking up in 15.07 minutes.
2026-03-15 10:47:02,136 - INFO - Thread started. Syncing state...
2026-03-15 10:47:02,137 - INFO - EUR_PLN Resetting Monthly Trend 
2026-03-15 10:47:02,246 - INFO - EUR_PLN Resetting 4-Hour Boundary.
2026-03-15 10:47:02,334 - INFO - EUR_PLN Syncing historical state... Finding the signal.
2026-03-15 10:47:02,600 - INFO - Trip Completed: Top -> Bottom. Signal is now BUY.
2026-03-15 10:47:02,606 - INFO - EUR_PLN Final Sync Result: SignalState.BUY
2026-03-15 10:47:02,607 - INFO - Sleeping... Waking up in 13.33 minutes.
2026-03-15 11:00:22,190 - INFO - EUR_PLN Resetting 4-Hour Boundary.
2026-03-15 11:00:22,379 - INFO - EUR_PLN Monitoring | Momentum: BUY | Last Signal: SignalState.BUY
2026-03-15 11:00:22,379 - INFO - Sleeping... Waking up in 14.76 minutes.
2026-03-15 11:15:45,741 - INFO - EUR_PLN Monitoring | Momentum: BUY | Last Signal: SignalState.BUY
2026-03-15 11:15:45,742 - INFO - Sleeping... Waking up in 14.64 minutes.
