2026-03-15 02:16:58,890 - INFO - EUR_SGD Resetting 4-Hour Boundary.
2026-03-15 02:16:59,546 - INFO - Sleeping... Waking up in 13.56 minutes.
2026-03-15 09:34:00,043 - INFO - Thread started. Syncing state...
2026-03-15 09:34:00,044 - INFO - EUR_SGD Resetting Monthly Trend 
2026-03-15 09:34:00,258 - INFO - EUR_SGD Resetting 4-Hour Boundary.
2026-03-15 09:34:00,327 - INFO - EUR_SGD Syncing historical state... Finding the signal.
2026-03-15 09:34:00,416 - INFO - Trip Completed: Bottom -> Top. Signal is now SHORT.
2026-03-15 09:34:00,417 - INFO - Trip Completed: Top -> Bottom. Signal is now BUY.
2026-03-15 09:34:00,420 - INFO - EUR_SGD Final Sync Result: SignalState.BUY
2026-03-15 09:34:00,420 - INFO - Sleeping... Waking up in 11.22 minutes.
2026-03-15 09:45:13,599 - INFO - Sleeping... Waking up in 14.95 minutes.
2026-03-15 10:43:36,465 - INFO - Thread started. Syncing state...
2026-03-15 10:43:36,466 - INFO - EUR_SGD Resetting Monthly Trend 
2026-03-15 10:43:36,588 - INFO - EUR_SGD Resetting 4-Hour Boundary.
2026-03-15 10:43:36,823 - INFO - EUR_SGD Syncing historical state... Finding the signal.
2026-03-15 10:43:36,913 - INFO - Trip Completed: Bottom -> Top. Signal is now SHORT.
2026-03-15 10:43:36,918 - INFO - Trip Completed: Top -> Bottom. Signal is now BUY.
2026-03-15 10:43:36,922 - INFO - EUR_SGD Final Sync Result: SignalState.BUY
2026-03-15 10:43:36,922 - INFO - Sleeping... Waking up in 1.92 minutes.
2026-03-15 10:45:32,107 - INFO - Sleeping... Waking up in 14.57 minutes.
2026-03-15 10:47:09,172 - INFO - Thread started. Syncing state...
2026-03-15 10:47:09,172 - INFO - EUR_SGD Resetting Monthly Trend 
2026-03-15 10:47:09,290 - INFO - EUR_SGD Resetting 4-Hour Boundary.
2026-03-15 10:47:09,382 - INFO - EUR_SGD Syncing historical state... Finding the signal.
2026-03-15 10:47:09,470 - INFO - Trip Completed: Bottom -> Top. Signal is now SHORT.
2026-03-15 10:47:09,473 - INFO - Trip Completed: Top -> Bottom. Signal is now BUY.
2026-03-15 10:47:09,477 - INFO - EUR_SGD Final Sync Result: SignalState.BUY
2026-03-15 10:47:09,478 - INFO - Sleeping... Waking up in 13.17 minutes.
2026-03-15 11:00:19,724 - INFO - EUR_SGD Resetting 4-Hour Boundary.
2026-03-15 11:00:20,048 - INFO - Sleeping... Waking up in 14.99 minutes.
2026-03-15 11:21:47,530 - INFO - Sleeping... Waking up in 8.63 minutes.
2026-03-15 11:30:25,497 - INFO - Sleeping... Waking up in 14.71 minutes.
