2026-03-15 01:35:44,515 - INFO - EUR_GBP Resetting 4-Hour Boundary.
2026-03-15 01:35:44,744 - INFO - Sleeping... Waking up in 9.64 minutes.
2026-03-15 09:30:07,975 - INFO - EUR_GBP Resetting 4-Hour Boundary.
2026-03-15 09:30:08,144 - INFO - Sleeping... Waking up in 15.37 minutes.
2026-03-15 09:34:08,081 - INFO - Thread started. Syncing state...
2026-03-15 09:34:08,082 - INFO - EUR_GBP Resetting Monthly Trend 
2026-03-15 09:34:08,163 - INFO - EUR_GBP Resetting 4-Hour Boundary.
2026-03-15 09:34:08,252 - INFO - EUR_GBP Syncing historical state... Finding the signal.
2026-03-15 09:34:08,332 - INFO - Trip Completed: Bottom -> Top. Signal is now SHORT.
2026-03-15 09:34:08,334 - INFO - Trip Completed: Top -> Bottom. Signal is now BUY.
2026-03-15 09:34:08,335 - INFO - Trip Completed: Bottom -> Top. Signal is now SHORT.
2026-03-15 09:34:08,337 - INFO - Trip Completed: Top -> Bottom. Signal is now BUY.
2026-03-15 09:34:08,341 - INFO - EUR_GBP Final Sync Result: SignalState.BUY
2026-03-15 09:34:08,341 - INFO - Sleeping... Waking up in 11.27 minutes.
2026-03-15 09:45:24,538 - INFO - Sleeping... Waking up in 14.89 minutes.
2026-03-15 10:43:44,506 - INFO - Thread started. Syncing state...
2026-03-15 10:43:44,507 - INFO - EUR_GBP Resetting Monthly Trend 
2026-03-15 10:43:44,611 - INFO - EUR_GBP Resetting 4-Hour Boundary.
2026-03-15 10:43:44,695 - INFO - EUR_GBP Syncing historical state... Finding the signal.
2026-03-15 10:43:44,813 - INFO - Trip Completed: Bottom -> Top. Signal is now SHORT.
2026-03-15 10:43:44,817 - INFO - Trip Completed: Top -> Bottom. Signal is now BUY.
2026-03-15 10:43:44,818 - INFO - Trip Completed: Bottom -> Top. Signal is now SHORT.
2026-03-15 10:43:44,821 - INFO - Trip Completed: Top -> Bottom. Signal is now BUY.
2026-03-15 10:43:44,824 - INFO - EUR_GBP Final Sync Result: SignalState.BUY
2026-03-15 10:43:44,824 - INFO - Sleeping... Waking up in 1.44 minutes.
2026-03-15 10:45:11,387 - INFO - Sleeping... Waking up in 15.00 minutes.
2026-03-15 10:47:17,209 - INFO - Thread started. Syncing state...
2026-03-15 10:47:17,210 - INFO - EUR_GBP Resetting Monthly Trend 
2026-03-15 10:47:17,306 - INFO - EUR_GBP Resetting 4-Hour Boundary.
2026-03-15 10:47:17,400 - INFO - EUR_GBP Syncing historical state... Finding the signal.
2026-03-15 10:47:17,510 - INFO - Trip Completed: Bottom -> Top. Signal is now SHORT.
2026-03-15 10:47:17,517 - INFO - Trip Completed: Top -> Bottom. Signal is now BUY.
2026-03-15 10:47:17,519 - INFO - Trip Completed: Bottom -> Top. Signal is now SHORT.
2026-03-15 10:47:17,525 - INFO - Trip Completed: Top -> Bottom. Signal is now BUY.
2026-03-15 10:47:17,529 - INFO - EUR_GBP Final Sync Result: SignalState.BUY
2026-03-15 10:47:17,529 - INFO - Sleeping... Waking up in 13.02 minutes.
2026-03-15 11:00:18,657 - INFO - EUR_GBP Resetting 4-Hour Boundary.
2026-03-15 11:00:18,865 - INFO - Sleeping... Waking up in 14.99 minutes.
2026-03-15 11:21:46,584 - INFO - Sleeping... Waking up in 8.72 minutes.
2026-03-15 11:30:29,770 - INFO - Sleeping... Waking up in 14.87 minutes.
