2026-03-15 00:17:53,122 - INFO - GBP_AUD Resetting 4-Hour Boundary.
2026-03-15 00:17:53,305 - INFO - Sleeping... Waking up in 12.60 minutes.
2026-03-15 09:33:11,877 - INFO - Thread started. Syncing state...
2026-03-15 09:33:11,878 - INFO - GBP_AUD Resetting Monthly Trend 
2026-03-15 09:33:11,964 - INFO - GBP_AUD Resetting 4-Hour Boundary.
2026-03-15 09:33:12,107 - INFO - GBP_AUD Syncing historical state... Finding the signal.
2026-03-15 09:33:12,246 - INFO - Trip Completed: Bottom -> Top. Signal is now SHORT.
2026-03-15 09:33:12,249 - INFO - Trip Completed: Top -> Bottom. Signal is now BUY.
2026-03-15 09:33:12,250 - INFO - GBP_AUD Final Sync Result: SignalState.BUY
2026-03-15 09:33:12,250 - INFO - Sleeping... Waking up in 12.36 minutes.
2026-03-15 09:45:34,110 - INFO - Sleeping... Waking up in 14.85 minutes.
2026-03-15 10:42:48,229 - INFO - Thread started. Syncing state...
2026-03-15 10:42:48,232 - INFO - GBP_AUD Resetting Monthly Trend 
2026-03-15 10:42:48,321 - INFO - GBP_AUD Resetting 4-Hour Boundary.
2026-03-15 10:42:48,445 - INFO - GBP_AUD Syncing historical state... Finding the signal.
2026-03-15 10:42:48,574 - INFO - Trip Completed: Bottom -> Top. Signal is now SHORT.
2026-03-15 10:42:48,580 - INFO - Trip Completed: Top -> Bottom. Signal is now BUY.
2026-03-15 10:42:48,584 - INFO - GBP_AUD Final Sync Result: SignalState.BUY
2026-03-15 10:42:48,584 - INFO - Sleeping... Waking up in 2.62 minutes.
2026-03-15 10:45:26,094 - INFO - Sleeping... Waking up in 14.84 minutes.
2026-03-15 10:46:20,932 - INFO - Thread started. Syncing state...
2026-03-15 10:46:20,932 - INFO - GBP_AUD Resetting Monthly Trend 
2026-03-15 10:46:21,030 - INFO - GBP_AUD Resetting 4-Hour Boundary.
2026-03-15 10:46:21,115 - INFO - GBP_AUD Syncing historical state... Finding the signal.
2026-03-15 10:46:21,295 - INFO - Trip Completed: Bottom -> Top. Signal is now SHORT.
2026-03-15 10:46:21,301 - INFO - Trip Completed: Top -> Bottom. Signal is now BUY.
2026-03-15 10:46:21,305 - INFO - GBP_AUD Final Sync Result: SignalState.BUY
2026-03-15 10:46:21,305 - INFO - Sleeping... Waking up in 13.80 minutes.
2026-03-15 11:00:09,016 - INFO - GBP_AUD Resetting 4-Hour Boundary.
2026-03-15 11:00:09,198 - INFO - Sleeping... Waking up in 15.30 minutes.
2026-03-15 11:21:55,458 - INFO - Sleeping... Waking up in 8.57 minutes.
2026-03-15 11:30:29,792 - INFO - Sleeping... Waking up in 14.69 minutes.
