2026-03-15 01:52:05,109 - INFO - GBP_CAD Resetting 4-Hour Boundary.
2026-03-15 01:52:05,844 - INFO - GBP_CAD Monitoring | Momentum: BUY | Last Signal: SignalState.BUY
2026-03-15 01:52:05,844 - INFO - Sleeping... Waking up in 8.22 minutes.
2026-03-15 09:28:47,975 - INFO - GBP_CAD Resetting 4-Hour Boundary.
2026-03-15 09:28:48,185 - INFO - GBP_CAD Monitoring | Momentum: BUY | Last Signal: SignalState.BUY
2026-03-15 09:28:48,186 - INFO - Sleeping... Waking up in 1.56 minutes.
2026-03-15 09:30:21,689 - INFO - GBP_CAD Monitoring | Momentum: BUY | Last Signal: SignalState.BUY
2026-03-15 09:30:21,690 - INFO - Sleeping... Waking up in 14.97 minutes.
2026-03-15 09:33:54,021 - INFO - Thread started. Syncing state...
2026-03-15 09:33:54,022 - INFO - GBP_CAD Resetting Monthly Trend 
2026-03-15 09:33:54,259 - INFO - GBP_CAD Resetting 4-Hour Boundary.
2026-03-15 09:33:54,347 - INFO - GBP_CAD Syncing historical state... Finding the signal.
2026-03-15 09:33:54,439 - INFO - Trip Completed: Top -> Bottom. Signal is now BUY.
2026-03-15 09:33:54,441 - INFO - Trip Completed: Bottom -> Top. Signal is now SHORT.
2026-03-15 09:33:54,441 - INFO - Trip Completed: Top -> Bottom. Signal is now BUY.
2026-03-15 09:33:54,446 - INFO - GBP_CAD Final Sync Result: SignalState.BUY
2026-03-15 09:33:54,447 - INFO - Sleeping... Waking up in 11.26 minutes.
2026-03-15 09:45:10,095 - INFO - GBP_CAD Monitoring | Momentum: BUY | Last Signal: SignalState.BUY
2026-03-15 09:45:10,095 - INFO - Sleeping... Waking up in 15.20 minutes.
2026-03-15 10:43:30,437 - INFO - Thread started. Syncing state...
2026-03-15 10:43:30,438 - INFO - GBP_CAD Resetting Monthly Trend 
2026-03-15 10:43:30,530 - INFO - GBP_CAD Resetting 4-Hour Boundary.
2026-03-15 10:43:30,681 - INFO - GBP_CAD Syncing historical state... Finding the signal.
2026-03-15 10:43:30,795 - INFO - Trip Completed: Top -> Bottom. Signal is now BUY.
2026-03-15 10:43:30,801 - INFO - Trip Completed: Bottom -> Top. Signal is now SHORT.
2026-03-15 10:43:30,803 - INFO - Trip Completed: Top -> Bottom. Signal is now BUY.
2026-03-15 10:43:30,811 - INFO - GBP_CAD Final Sync Result: SignalState.BUY
2026-03-15 10:43:30,812 - INFO - Sleeping... Waking up in 2.06 minutes.
2026-03-15 10:45:34,355 - INFO - GBP_CAD Monitoring | Momentum: BUY | Last Signal: SignalState.BUY
2026-03-15 10:45:34,357 - INFO - Sleeping... Waking up in 14.55 minutes.
2026-03-15 10:47:03,137 - INFO - Thread started. Syncing state...
2026-03-15 10:47:03,138 - INFO - GBP_CAD Resetting Monthly Trend 
2026-03-15 10:47:03,225 - INFO - GBP_CAD Resetting 4-Hour Boundary.
2026-03-15 10:47:03,332 - INFO - GBP_CAD Syncing historical state... Finding the signal.
2026-03-15 10:47:03,413 - INFO - Trip Completed: Top -> Bottom. Signal is now BUY.
2026-03-15 10:47:03,418 - INFO - Trip Completed: Bottom -> Top. Signal is now SHORT.
2026-03-15 10:47:03,420 - INFO - Trip Completed: Top -> Bottom. Signal is now BUY.
2026-03-15 10:47:03,427 - INFO - GBP_CAD Final Sync Result: SignalState.BUY
2026-03-15 10:47:03,428 - INFO - Sleeping... Waking up in 13.50 minutes.
2026-03-15 11:00:33,322 - INFO - GBP_CAD Resetting 4-Hour Boundary.
2026-03-15 11:00:33,562 - INFO - GBP_CAD Monitoring | Momentum: BUY | Last Signal: SignalState.BUY
2026-03-15 11:00:33,563 - INFO - Sleeping... Waking up in 14.70 minutes.
2026-03-15 11:21:43,622 - INFO - GBP_CAD Monitoring | Momentum: BUY | Last Signal: SignalState.BUY
2026-03-15 11:21:43,623 - INFO - Sleeping... Waking up in 8.82 minutes.
2026-03-15 11:30:32,841 - INFO - GBP_CAD Monitoring | Momentum: BUY | Last Signal: SignalState.BUY
2026-03-15 11:30:32,842 - INFO - Sleeping... Waking up in 14.96 minutes.
