2026-03-15 00:17:49,661 - INFO - GBP_JPY Resetting 4-Hour Boundary.
2026-03-15 00:17:49,861 - INFO - GBP_JPY Monitoring | Momentum: SHORT | Last Signal: SignalState.SHORT
2026-03-15 00:17:49,861 - INFO - Sleeping... Waking up in 12.46 minutes.
2026-03-15 09:33:50,003 - INFO - Thread started. Syncing state...
2026-03-15 09:33:50,004 - INFO - GBP_JPY Resetting Monthly Trend 
2026-03-15 09:33:50,100 - INFO - GBP_JPY Resetting 4-Hour Boundary.
2026-03-15 09:33:50,184 - INFO - GBP_JPY Syncing historical state... Finding the signal.
2026-03-15 09:33:50,277 - INFO - Trip Completed: Bottom -> Top. Signal is now SHORT.
2026-03-15 09:33:50,280 - INFO - Trip Completed: Top -> Bottom. Signal is now BUY.
2026-03-15 09:33:50,280 - INFO - Trip Completed: Bottom -> Top. Signal is now SHORT.
2026-03-15 09:33:50,283 - INFO - GBP_JPY Final Sync Result: SignalState.SHORT
2026-03-15 09:33:50,284 - INFO - Sleeping... Waking up in 11.62 minutes.
2026-03-15 09:45:27,873 - INFO - GBP_JPY Monitoring | Momentum: SHORT | Last Signal: SignalState.SHORT
2026-03-15 09:45:27,874 - INFO - Sleeping... Waking up in 14.83 minutes.
2026-03-15 10:43:26,419 - INFO - Thread started. Syncing state...
2026-03-15 10:43:26,421 - INFO - GBP_JPY Resetting Monthly Trend 
2026-03-15 10:43:26,590 - INFO - GBP_JPY Resetting 4-Hour Boundary.
2026-03-15 10:43:26,691 - INFO - GBP_JPY Syncing historical state... Finding the signal.
2026-03-15 10:43:26,800 - INFO - Trip Completed: Bottom -> Top. Signal is now SHORT.
2026-03-15 10:43:26,808 - INFO - Trip Completed: Top -> Bottom. Signal is now BUY.
2026-03-15 10:43:26,810 - INFO - Trip Completed: Bottom -> Top. Signal is now SHORT.
2026-03-15 10:43:26,815 - INFO - GBP_JPY Final Sync Result: SignalState.SHORT
2026-03-15 10:43:26,816 - INFO - Sleeping... Waking up in 1.99 minutes.
2026-03-15 10:45:26,130 - INFO - GBP_JPY Monitoring | Momentum: SHORT | Last Signal: SignalState.SHORT
2026-03-15 10:45:26,131 - INFO - Sleeping... Waking up in 15.01 minutes.
2026-03-15 10:46:59,125 - INFO - Thread started. Syncing state...
2026-03-15 10:46:59,125 - INFO - GBP_JPY Resetting Monthly Trend 
2026-03-15 10:46:59,217 - INFO - GBP_JPY Resetting 4-Hour Boundary.
2026-03-15 10:46:59,307 - INFO - GBP_JPY Syncing historical state... Finding the signal.
2026-03-15 10:46:59,498 - INFO - Trip Completed: Bottom -> Top. Signal is now SHORT.
2026-03-15 10:46:59,503 - INFO - Trip Completed: Top -> Bottom. Signal is now BUY.
2026-03-15 10:46:59,505 - INFO - Trip Completed: Bottom -> Top. Signal is now SHORT.
2026-03-15 10:46:59,509 - INFO - GBP_JPY Final Sync Result: SignalState.SHORT
2026-03-15 10:46:59,510 - INFO - Sleeping... Waking up in 13.14 minutes.
2026-03-15 11:00:07,773 - INFO - GBP_JPY Resetting 4-Hour Boundary.
2026-03-15 11:00:08,026 - INFO - GBP_JPY Monitoring | Momentum: SHORT | Last Signal: SignalState.SHORT
2026-03-15 11:00:08,026 - INFO - Sleeping... Waking up in 15.42 minutes.
2026-03-15 11:22:01,927 - INFO - GBP_JPY Monitoring | Momentum: SHORT | Last Signal: SignalState.SHORT
2026-03-15 11:22:01,928 - INFO - Sleeping... Waking up in 8.30 minutes.
2026-03-15 11:30:20,057 - INFO - GBP_JPY Monitoring | Momentum: SHORT | Last Signal: SignalState.SHORT
2026-03-15 11:30:20,060 - INFO - Sleeping... Waking up in 15.22 minutes.
