2026-03-15 00:17:55,199 - INFO - HKD_JPY Resetting 4-Hour Boundary.
2026-03-15 00:17:55,361 - INFO - Sleeping... Waking up in 12.52 minutes.
2026-03-15 09:33:13,880 - INFO - Thread started. Syncing state...
2026-03-15 09:33:13,881 - INFO - HKD_JPY Resetting Monthly Trend 
2026-03-15 09:33:13,956 - INFO - HKD_JPY Resetting 4-Hour Boundary.
2026-03-15 09:33:14,048 - INFO - HKD_JPY Syncing historical state... Finding the signal.
2026-03-15 09:33:14,171 - INFO - HKD_JPY Info: Price has not traveled between both bands in the last 150 candles.
2026-03-15 09:33:14,171 - INFO - Sleeping... Waking up in 12.05 minutes.
2026-03-15 09:45:17,250 - INFO - Sleeping... Waking up in 15.02 minutes.
2026-03-15 10:42:50,239 - INFO - Thread started. Syncing state...
2026-03-15 10:42:50,241 - INFO - HKD_JPY Resetting Monthly Trend 
2026-03-15 10:42:50,343 - INFO - HKD_JPY Resetting 4-Hour Boundary.
2026-03-15 10:42:50,485 - INFO - HKD_JPY Syncing historical state... Finding the signal.
2026-03-15 10:42:50,592 - INFO - HKD_JPY Info: Price has not traveled between both bands in the last 150 candles.
2026-03-15 10:42:50,592 - INFO - Sleeping... Waking up in 2.38 minutes.
2026-03-15 10:45:13,554 - INFO - Sleeping... Waking up in 15.18 minutes.
2026-03-15 10:46:22,943 - INFO - Thread started. Syncing state...
2026-03-15 10:46:22,943 - INFO - HKD_JPY Resetting Monthly Trend 
2026-03-15 10:46:23,058 - INFO - HKD_JPY Resetting 4-Hour Boundary.
2026-03-15 10:46:23,152 - INFO - HKD_JPY Syncing historical state... Finding the signal.
2026-03-15 10:46:23,257 - INFO - HKD_JPY Info: Price has not traveled between both bands in the last 150 candles.
2026-03-15 10:46:23,258 - INFO - Sleeping... Waking up in 13.72 minutes.
2026-03-15 11:00:06,348 - INFO - HKD_JPY Resetting 4-Hour Boundary.
2026-03-15 11:00:07,066 - INFO - Sleeping... Waking up in 15.05 minutes.
2026-03-15 11:21:39,175 - INFO - Sleeping... Waking up in 8.77 minutes.
2026-03-15 11:30:25,583 - INFO - Sleeping... Waking up in 15.14 minutes.
