2026-03-15 02:23:08,907 - INFO - NZD_USD Resetting 4-Hour Boundary.
2026-03-15 02:23:09,146 - INFO - NZD_USD Monitoring | Momentum: BUY | Last Signal: SignalState.BUY
2026-03-15 02:23:09,146 - INFO - Sleeping... Waking up in 7.07 minutes.
2026-03-15 09:27:58,839 - INFO - NZD_USD Resetting 4-Hour Boundary.
2026-03-15 09:27:59,001 - INFO - NZD_USD Monitoring | Momentum: BUY | Last Signal: SignalState.BUY
2026-03-15 09:27:59,001 - INFO - Sleeping... Waking up in 2.59 minutes.
2026-03-15 09:30:34,706 - INFO - NZD_USD Monitoring | Momentum: BUY | Last Signal: SignalState.BUY
2026-03-15 09:30:34,707 - INFO - Sleeping... Waking up in 14.81 minutes.
2026-03-15 09:33:08,861 - INFO - Thread started. Syncing state...
2026-03-15 09:33:08,862 - INFO - NZD_USD Resetting Monthly Trend 
2026-03-15 09:33:08,982 - INFO - NZD_USD Resetting 4-Hour Boundary.
2026-03-15 09:33:09,170 - INFO - NZD_USD Syncing historical state... Finding the signal.
2026-03-15 09:33:09,261 - INFO - Trip Completed: Bottom -> Top. Signal is now SHORT.
2026-03-15 09:33:09,262 - INFO - Trip Completed: Top -> Bottom. Signal is now BUY.
2026-03-15 09:33:09,265 - INFO - Trip Completed: Bottom -> Top. Signal is now SHORT.
2026-03-15 09:33:09,266 - INFO - Trip Completed: Top -> Bottom. Signal is now BUY.
2026-03-15 09:33:09,268 - INFO - NZD_USD Final Sync Result: SignalState.BUY
2026-03-15 09:33:09,268 - INFO - Sleeping... Waking up in 12.18 minutes.
2026-03-15 09:45:20,014 - INFO - NZD_USD Monitoring | Momentum: BUY | Last Signal: SignalState.BUY
2026-03-15 09:45:20,015 - INFO - Sleeping... Waking up in 15.07 minutes.
2026-03-15 10:42:45,209 - INFO - Thread started. Syncing state...
2026-03-15 10:42:45,210 - INFO - NZD_USD Resetting Monthly Trend 
2026-03-15 10:42:45,349 - INFO - NZD_USD Resetting 4-Hour Boundary.
2026-03-15 10:42:45,437 - INFO - NZD_USD Syncing historical state... Finding the signal.
2026-03-15 10:42:45,537 - INFO - Trip Completed: Bottom -> Top. Signal is now SHORT.
2026-03-15 10:42:45,540 - INFO - Trip Completed: Top -> Bottom. Signal is now BUY.
2026-03-15 10:42:45,545 - INFO - Trip Completed: Bottom -> Top. Signal is now SHORT.
2026-03-15 10:42:45,548 - INFO - Trip Completed: Top -> Bottom. Signal is now BUY.
2026-03-15 10:42:45,549 - INFO - NZD_USD Final Sync Result: SignalState.BUY
2026-03-15 10:42:45,549 - INFO - Sleeping... Waking up in 2.76 minutes.
2026-03-15 10:45:31,582 - INFO - NZD_USD Monitoring | Momentum: BUY | Last Signal: SignalState.BUY
2026-03-15 10:45:31,584 - INFO - Sleeping... Waking up in 14.62 minutes.
2026-03-15 10:46:17,915 - INFO - Thread started. Syncing state...
2026-03-15 10:46:17,915 - INFO - NZD_USD Resetting Monthly Trend 
2026-03-15 10:46:18,049 - INFO - NZD_USD Resetting 4-Hour Boundary.
2026-03-15 10:46:18,142 - INFO - NZD_USD Syncing historical state... Finding the signal.
2026-03-15 10:46:18,248 - INFO - Trip Completed: Bottom -> Top. Signal is now SHORT.
2026-03-15 10:46:18,251 - INFO - Trip Completed: Top -> Bottom. Signal is now BUY.
2026-03-15 10:46:18,259 - INFO - Trip Completed: Bottom -> Top. Signal is now SHORT.
2026-03-15 10:46:18,262 - INFO - Trip Completed: Top -> Bottom. Signal is now BUY.
2026-03-15 10:46:18,263 - INFO - NZD_USD Final Sync Result: SignalState.BUY
2026-03-15 10:46:18,263 - INFO - Sleeping... Waking up in 13.95 minutes.
2026-03-15 11:00:15,534 - INFO - NZD_USD Resetting 4-Hour Boundary.
2026-03-15 11:00:15,730 - INFO - NZD_USD Monitoring | Momentum: BUY | Last Signal: SignalState.BUY
2026-03-15 11:00:15,730 - INFO - Sleeping... Waking up in 15.26 minutes.
2026-03-15 11:21:59,234 - INFO - NZD_USD Monitoring | Momentum: BUY | Last Signal: SignalState.BUY
2026-03-15 11:21:59,236 - INFO - Sleeping... Waking up in 8.29 minutes.
2026-03-15 11:30:16,817 - INFO - NZD_USD Monitoring | Momentum: BUY | Last Signal: SignalState.BUY
2026-03-15 11:30:16,818 - INFO - Sleeping... Waking up in 14.92 minutes.
