2026-03-15 00:04:46,733 - INFO - NZD_JPY Resetting 4-Hour Boundary.
2026-03-15 00:04:47,359 - INFO - NZD_JPY Monitoring | Momentum: BUY | Last Signal: SignalState.BUY
2026-03-15 00:04:47,359 - INFO - Sleeping... Waking up in 10.69 minutes.
2026-03-15 09:30:19,037 - INFO - NZD_JPY Resetting 4-Hour Boundary.
2026-03-15 09:30:19,219 - INFO - NZD_JPY Monitoring | Momentum: BUY | Last Signal: SignalState.BUY
2026-03-15 09:30:19,220 - INFO - Sleeping... Waking up in 15.08 minutes.
2026-03-15 09:33:34,956 - INFO - Thread started. Syncing state...
2026-03-15 09:33:34,957 - INFO - NZD_JPY Resetting Monthly Trend 
2026-03-15 09:33:35,043 - INFO - NZD_JPY Resetting 4-Hour Boundary.
2026-03-15 09:33:35,120 - INFO - NZD_JPY Syncing historical state... Finding the signal.
2026-03-15 09:33:35,239 - INFO - Trip Completed: Bottom -> Top. Signal is now SHORT.
2026-03-15 09:33:35,239 - INFO - Trip Completed: Top -> Bottom. Signal is now BUY.
2026-03-15 09:33:35,240 - INFO - Trip Completed: Bottom -> Top. Signal is now SHORT.
2026-03-15 09:33:35,241 - INFO - Trip Completed: Top -> Bottom. Signal is now BUY.
2026-03-15 09:33:35,243 - INFO - Trip Completed: Bottom -> Top. Signal is now SHORT.
2026-03-15 09:33:35,245 - INFO - Trip Completed: Top -> Bottom. Signal is now BUY.
2026-03-15 09:33:35,246 - INFO - NZD_JPY Final Sync Result: SignalState.BUY
2026-03-15 09:33:35,246 - INFO - Sleeping... Waking up in 11.73 minutes.
2026-03-15 09:45:19,278 - INFO - NZD_JPY Monitoring | Momentum: BUY | Last Signal: SignalState.BUY
2026-03-15 09:45:19,280 - INFO - Sleeping... Waking up in 15.01 minutes.
2026-03-15 10:43:11,352 - INFO - Thread started. Syncing state...
2026-03-15 10:43:11,354 - INFO - NZD_JPY Resetting Monthly Trend 
2026-03-15 10:43:11,531 - INFO - NZD_JPY Resetting 4-Hour Boundary.
2026-03-15 10:43:11,628 - INFO - NZD_JPY Syncing historical state... Finding the signal.
2026-03-15 10:43:11,775 - INFO - Trip Completed: Bottom -> Top. Signal is now SHORT.
2026-03-15 10:43:11,776 - INFO - Trip Completed: Top -> Bottom. Signal is now BUY.
2026-03-15 10:43:11,779 - INFO - Trip Completed: Bottom -> Top. Signal is now SHORT.
2026-03-15 10:43:11,781 - INFO - Trip Completed: Top -> Bottom. Signal is now BUY.
2026-03-15 10:43:11,785 - INFO - Trip Completed: Bottom -> Top. Signal is now SHORT.
2026-03-15 10:43:11,788 - INFO - Trip Completed: Top -> Bottom. Signal is now BUY.
2026-03-15 10:43:11,789 - INFO - NZD_JPY Final Sync Result: SignalState.BUY
2026-03-15 10:43:11,790 - INFO - Sleeping... Waking up in 1.98 minutes.
2026-03-15 10:45:10,597 - INFO - NZD_JPY Monitoring | Momentum: BUY | Last Signal: SignalState.BUY
2026-03-15 10:45:10,599 - INFO - Sleeping... Waking up in 15.29 minutes.
2026-03-15 10:46:44,047 - INFO - Thread started. Syncing state...
2026-03-15 10:46:44,048 - INFO - NZD_JPY Resetting Monthly Trend 
2026-03-15 10:46:44,157 - INFO - NZD_JPY Resetting 4-Hour Boundary.
2026-03-15 10:46:44,292 - INFO - NZD_JPY Syncing historical state... Finding the signal.
2026-03-15 10:46:44,386 - INFO - Trip Completed: Bottom -> Top. Signal is now SHORT.
2026-03-15 10:46:44,387 - INFO - Trip Completed: Top -> Bottom. Signal is now BUY.
2026-03-15 10:46:44,389 - INFO - Trip Completed: Bottom -> Top. Signal is now SHORT.
2026-03-15 10:46:44,391 - INFO - Trip Completed: Top -> Bottom. Signal is now BUY.
2026-03-15 10:46:44,394 - INFO - Trip Completed: Bottom -> Top. Signal is now SHORT.
2026-03-15 10:46:44,397 - INFO - Trip Completed: Top -> Bottom. Signal is now BUY.
2026-03-15 10:46:44,398 - INFO - NZD_JPY Final Sync Result: SignalState.BUY
2026-03-15 10:46:44,398 - INFO - Sleeping... Waking up in 13.37 minutes.
2026-03-15 11:00:06,538 - INFO - NZD_JPY Resetting 4-Hour Boundary.
2026-03-15 11:00:07,154 - INFO - NZD_JPY Monitoring | Momentum: BUY | Last Signal: SignalState.BUY
2026-03-15 11:00:07,154 - INFO - Sleeping... Waking up in 15.08 minutes.
2026-03-15 11:21:40,472 - INFO - NZD_JPY Monitoring | Momentum: BUY | Last Signal: SignalState.BUY
2026-03-15 11:21:40,473 - INFO - Sleeping... Waking up in 8.76 minutes.
2026-03-15 11:30:25,986 - INFO - NZD_JPY Monitoring | Momentum: BUY | Last Signal: SignalState.BUY
2026-03-15 11:30:25,988 - INFO - Sleeping... Waking up in 14.99 minutes.
