2026-03-15 09:33:38,966 - INFO - Thread started. Syncing state...
2026-03-15 09:33:38,969 - INFO - NZD_CAD Resetting Monthly Trend 
2026-03-15 09:33:39,168 - INFO - NZD_CAD Resetting 4-Hour Boundary.
2026-03-15 09:33:39,246 - INFO - NZD_CAD Syncing historical state... Finding the signal.
2026-03-15 09:33:39,332 - INFO - Trip Completed: Top -> Bottom. Signal is now BUY.
2026-03-15 09:33:39,335 - INFO - Trip Completed: Bottom -> Top. Signal is now SHORT.
2026-03-15 09:33:39,335 - INFO - Trip Completed: Top -> Bottom. Signal is now BUY.
2026-03-15 09:33:39,340 - INFO - NZD_CAD Final Sync Result: SignalState.BUY
2026-03-15 09:33:39,341 - INFO - Sleeping... Waking up in 11.58 minutes.
2026-03-15 09:45:14,236 - INFO - NZD_CAD Monitoring | Momentum: BUY | Last Signal: SignalState.BUY
2026-03-15 09:45:14,237 - INFO - Sleeping... Waking up in 15.28 minutes.
2026-03-15 10:43:15,367 - INFO - Thread started. Syncing state...
2026-03-15 10:43:15,368 - INFO - NZD_CAD Resetting Monthly Trend 
2026-03-15 10:43:15,454 - INFO - NZD_CAD Resetting 4-Hour Boundary.
2026-03-15 10:43:15,644 - INFO - NZD_CAD Syncing historical state... Finding the signal.
2026-03-15 10:43:15,760 - INFO - Trip Completed: Top -> Bottom. Signal is now BUY.
2026-03-15 10:43:15,769 - INFO - Trip Completed: Bottom -> Top. Signal is now SHORT.
2026-03-15 10:43:15,771 - INFO - Trip Completed: Top -> Bottom. Signal is now BUY.
2026-03-15 10:43:15,777 - INFO - NZD_CAD Final Sync Result: SignalState.BUY
2026-03-15 10:43:15,777 - INFO - Sleeping... Waking up in 1.91 minutes.
2026-03-15 10:45:10,610 - INFO - NZD_CAD Monitoring | Momentum: BUY | Last Signal: SignalState.BUY
2026-03-15 10:45:10,610 - INFO - Sleeping... Waking up in 14.99 minutes.
2026-03-15 10:46:48,064 - INFO - Thread started. Syncing state...
2026-03-15 10:46:48,064 - INFO - NZD_CAD Resetting Monthly Trend 
2026-03-15 10:46:48,145 - INFO - NZD_CAD Resetting 4-Hour Boundary.
2026-03-15 10:46:48,233 - INFO - NZD_CAD Syncing historical state... Finding the signal.
2026-03-15 10:46:48,330 - INFO - Trip Completed: Top -> Bottom. Signal is now BUY.
2026-03-15 10:46:48,338 - INFO - Trip Completed: Bottom -> Top. Signal is now SHORT.
2026-03-15 10:46:48,340 - INFO - Trip Completed: Top -> Bottom. Signal is now BUY.
2026-03-15 10:46:48,347 - INFO - NZD_CAD Final Sync Result: SignalState.BUY
2026-03-15 10:46:48,347 - INFO - Sleeping... Waking up in 13.36 minutes.
2026-03-15 11:00:09,658 - INFO - NZD_CAD Resetting 4-Hour Boundary.
2026-03-15 11:00:09,864 - INFO - NZD_CAD Monitoring | Momentum: BUY | Last Signal: SignalState.BUY
2026-03-15 11:00:09,865 - INFO - Sleeping... Waking up in 15.11 minutes.
2026-03-15 11:21:44,712 - INFO - NZD_CAD Monitoring | Momentum: BUY | Last Signal: SignalState.BUY
2026-03-15 11:21:44,713 - INFO - Sleeping... Waking up in 8.37 minutes.
2026-03-15 11:30:07,389 - INFO - NZD_CAD Monitoring | Momentum: BUY | Last Signal: SignalState.BUY
2026-03-15 11:30:07,390 - INFO - Sleeping... Waking up in 15.43 minutes.
