2026-03-15 00:04:46,870 - INFO - SGD_CHF Resetting 4-Hour Boundary.
2026-03-15 09:33:39,967 - INFO - Thread started. Syncing state...
2026-03-15 09:33:39,968 - INFO - SGD_CHF Resetting Monthly Trend 
2026-03-15 09:33:40,065 - INFO - SGD_CHF Resetting 4-Hour Boundary.
2026-03-15 09:33:40,180 - INFO - SGD_CHF Syncing historical state... Finding the signal.
2026-03-15 09:33:40,303 - INFO - Trip Completed: Top -> Bottom. Signal is now BUY.
2026-03-15 09:33:40,304 - INFO - Trip Completed: Bottom -> Top. Signal is now SHORT.
2026-03-15 09:33:40,306 - INFO - Trip Completed: Top -> Bottom. Signal is now BUY.
2026-03-15 09:33:40,307 - INFO - Trip Completed: Bottom -> Top. Signal is now SHORT.
2026-03-15 09:33:40,308 - INFO - SGD_CHF Final Sync Result: SignalState.SHORT
2026-03-15 09:33:40,308 - INFO - Sleeping... Waking up in 11.75 minutes.
2026-03-15 09:45:25,708 - INFO - SGD_CHF Monitoring | Momentum: SHORT | Last Signal: SignalState.SHORT
2026-03-15 09:45:25,708 - INFO - Sleeping... Waking up in 15.01 minutes.
2026-03-15 10:43:16,372 - INFO - Thread started. Syncing state...
2026-03-15 10:43:16,373 - INFO - SGD_CHF Resetting Monthly Trend 
2026-03-15 10:43:16,525 - INFO - SGD_CHF Resetting 4-Hour Boundary.
2026-03-15 10:43:16,631 - INFO - SGD_CHF Syncing historical state... Finding the signal.
2026-03-15 10:43:16,746 - INFO - Trip Completed: Top -> Bottom. Signal is now BUY.
2026-03-15 10:43:16,748 - INFO - Trip Completed: Bottom -> Top. Signal is now SHORT.
2026-03-15 10:43:16,754 - INFO - Trip Completed: Top -> Bottom. Signal is now BUY.
2026-03-15 10:43:16,757 - INFO - Trip Completed: Bottom -> Top. Signal is now SHORT.
2026-03-15 10:43:16,759 - INFO - SGD_CHF Final Sync Result: SignalState.SHORT
2026-03-15 10:43:16,759 - INFO - Sleeping... Waking up in 2.27 minutes.
2026-03-15 10:45:32,926 - INFO - SGD_CHF Monitoring | Momentum: SHORT | Last Signal: SignalState.SHORT
2026-03-15 10:45:32,928 - INFO - Sleeping... Waking up in 14.59 minutes.
2026-03-15 10:46:49,071 - INFO - Thread started. Syncing state...
2026-03-15 10:46:49,071 - INFO - SGD_CHF Resetting Monthly Trend 
2026-03-15 10:46:49,199 - INFO - SGD_CHF Resetting 4-Hour Boundary.
2026-03-15 10:46:49,317 - INFO - SGD_CHF Syncing historical state... Finding the signal.
2026-03-15 10:46:49,397 - INFO - Trip Completed: Top -> Bottom. Signal is now BUY.
2026-03-15 10:46:49,398 - INFO - Trip Completed: Bottom -> Top. Signal is now SHORT.
2026-03-15 10:46:49,402 - INFO - Trip Completed: Top -> Bottom. Signal is now BUY.
2026-03-15 10:46:49,404 - INFO - Trip Completed: Bottom -> Top. Signal is now SHORT.
2026-03-15 10:46:49,406 - INFO - SGD_CHF Final Sync Result: SignalState.SHORT
2026-03-15 10:46:49,406 - INFO - Sleeping... Waking up in 13.60 minutes.
2026-03-15 11:00:25,570 - INFO - SGD_CHF Resetting 4-Hour Boundary.
2026-03-15 11:00:25,747 - INFO - SGD_CHF Monitoring | Momentum: SHORT | Last Signal: SignalState.SHORT
2026-03-15 11:00:25,747 - INFO - Sleeping... Waking up in 14.97 minutes.
2026-03-15 11:21:52,254 - INFO - SGD_CHF Monitoring | Momentum: SHORT | Last Signal: SignalState.SHORT
2026-03-15 11:21:52,255 - INFO - Sleeping... Waking up in 8.27 minutes.
2026-03-15 11:30:08,392 - INFO - SGD_CHF Monitoring | Momentum: SHORT | Last Signal: SignalState.SHORT
2026-03-15 11:30:08,394 - INFO - Sleeping... Waking up in 15.29 minutes.
