2026-03-15 00:49:31,313 - INFO - USD_SEK Resetting 4-Hour Boundary.
2026-03-15 00:49:31,496 - INFO - USD_SEK Monitoring | Momentum: SHORT | Last Signal: SignalState.SHORT
2026-03-15 00:49:31,496 - INFO - Sleeping... Waking up in 10.60 minutes.
2026-03-15 09:30:32,052 - INFO - USD_SEK Resetting 4-Hour Boundary.
2026-03-15 09:30:32,300 - INFO - USD_SEK Monitoring | Momentum: SHORT | Last Signal: SignalState.SHORT
2026-03-15 09:30:32,300 - INFO - Sleeping... Waking up in 14.71 minutes.
2026-03-15 09:34:04,063 - INFO - Thread started. Syncing state...
2026-03-15 09:34:04,063 - INFO - USD_SEK Resetting Monthly Trend 
2026-03-15 09:34:04,170 - INFO - USD_SEK Resetting 4-Hour Boundary.
2026-03-15 09:34:04,252 - INFO - USD_SEK Syncing historical state... Finding the signal.
2026-03-15 09:34:04,333 - INFO - Trip Completed: Top -> Bottom. Signal is now BUY.
2026-03-15 09:34:04,334 - INFO - Trip Completed: Bottom -> Top. Signal is now SHORT.
2026-03-15 09:34:04,336 - INFO - Trip Completed: Top -> Bottom. Signal is now BUY.
2026-03-15 09:34:04,337 - INFO - Trip Completed: Bottom -> Top. Signal is now SHORT.
2026-03-15 09:34:04,338 - INFO - USD_SEK Final Sync Result: SignalState.SHORT
2026-03-15 09:34:04,338 - INFO - Sleeping... Waking up in 11.30 minutes.
2026-03-15 09:45:22,209 - INFO - USD_SEK Monitoring | Momentum: SHORT | Last Signal: SignalState.SHORT
2026-03-15 09:45:22,209 - INFO - Sleeping... Waking up in 14.97 minutes.
2026-03-15 10:43:40,486 - INFO - Thread started. Syncing state...
2026-03-15 10:43:40,487 - INFO - USD_SEK Resetting Monthly Trend 
2026-03-15 10:43:40,576 - INFO - USD_SEK Resetting 4-Hour Boundary.
2026-03-15 10:43:40,656 - INFO - USD_SEK Syncing historical state... Finding the signal.
2026-03-15 10:43:40,750 - INFO - Trip Completed: Top -> Bottom. Signal is now BUY.
2026-03-15 10:43:40,751 - INFO - Trip Completed: Bottom -> Top. Signal is now SHORT.
2026-03-15 10:43:40,755 - INFO - Trip Completed: Top -> Bottom. Signal is now BUY.
2026-03-15 10:43:40,756 - INFO - Trip Completed: Bottom -> Top. Signal is now SHORT.
2026-03-15 10:43:40,757 - INFO - USD_SEK Final Sync Result: SignalState.SHORT
2026-03-15 10:43:40,758 - INFO - Sleeping... Waking up in 1.62 minutes.
2026-03-15 10:45:18,330 - INFO - USD_SEK Monitoring | Momentum: SHORT | Last Signal: SignalState.SHORT
2026-03-15 10:45:18,331 - INFO - Sleeping... Waking up in 14.88 minutes.
2026-03-15 10:47:13,188 - INFO - Thread started. Syncing state...
2026-03-15 10:47:13,188 - INFO - USD_SEK Resetting Monthly Trend 
2026-03-15 10:47:13,457 - INFO - USD_SEK Resetting 4-Hour Boundary.
2026-03-15 10:47:13,623 - INFO - USD_SEK Syncing historical state... Finding the signal.
2026-03-15 10:47:14,844 - INFO - Trip Completed: Top -> Bottom. Signal is now BUY.
2026-03-15 10:47:14,846 - INFO - Trip Completed: Bottom -> Top. Signal is now SHORT.
2026-03-15 10:47:14,852 - INFO - Trip Completed: Top -> Bottom. Signal is now BUY.
2026-03-15 10:47:14,854 - INFO - Trip Completed: Bottom -> Top. Signal is now SHORT.
2026-03-15 10:47:14,856 - INFO - USD_SEK Final Sync Result: SignalState.SHORT
2026-03-15 10:47:14,856 - INFO - Sleeping... Waking up in 12.85 minutes.
2026-03-15 11:00:06,150 - INFO - USD_SEK Resetting 4-Hour Boundary.
2026-03-15 11:00:06,859 - INFO - USD_SEK Monitoring | Momentum: SHORT | Last Signal: SignalState.SHORT
2026-03-15 11:00:06,859 - INFO - Sleeping... Waking up in 15.03 minutes.
2026-03-15 11:15:46,368 - INFO - USD_SEK Monitoring | Momentum: SHORT | Last Signal: SignalState.SHORT
2026-03-15 11:15:46,369 - INFO - Sleeping... Waking up in 14.36 minutes.
