2026-03-15 09:33:26,926 - INFO - Thread started. Syncing state...
2026-03-15 09:33:26,928 - INFO - USD_THB Resetting Monthly Trend 
2026-03-15 09:33:27,130 - INFO - USD_THB Resetting 4-Hour Boundary.
2026-03-15 09:33:27,391 - INFO - USD_THB Syncing historical state... Finding the signal.
2026-03-15 09:33:27,486 - INFO - Trip Completed: Top -> Bottom. Signal is now BUY.
2026-03-15 09:33:27,487 - INFO - Trip Completed: Bottom -> Top. Signal is now SHORT.
2026-03-15 09:33:27,491 - INFO - USD_THB Final Sync Result: SignalState.SHORT
2026-03-15 09:33:27,491 - INFO - Sleeping... Waking up in 12.01 minutes.
2026-03-15 09:45:28,119 - INFO - USD_THB Monitoring | Momentum: SHORT | Last Signal: SignalState.SHORT
2026-03-15 09:45:28,120 - INFO - Sleeping... Waking up in 15.06 minutes.
2026-03-15 10:43:03,310 - INFO - Thread started. Syncing state...
2026-03-15 10:43:03,312 - INFO - USD_THB Resetting Monthly Trend 
2026-03-15 10:43:03,428 - INFO - USD_THB Resetting 4-Hour Boundary.
2026-03-15 10:43:03,684 - INFO - USD_THB Syncing historical state... Finding the signal.
2026-03-15 10:43:03,813 - INFO - Trip Completed: Top -> Bottom. Signal is now BUY.
2026-03-15 10:43:03,815 - INFO - Trip Completed: Bottom -> Top. Signal is now SHORT.
2026-03-15 10:43:03,819 - INFO - USD_THB Final Sync Result: SignalState.SHORT
2026-03-15 10:43:03,819 - INFO - Sleeping... Waking up in 2.19 minutes.
2026-03-15 10:45:15,091 - INFO - USD_THB Monitoring | Momentum: SHORT | Last Signal: SignalState.SHORT
2026-03-15 10:45:15,093 - INFO - Sleeping... Waking up in 15.11 minutes.
2026-03-15 10:46:36,010 - INFO - Thread started. Syncing state...
2026-03-15 10:46:36,011 - INFO - USD_THB Resetting Monthly Trend 
2026-03-15 10:46:36,111 - INFO - USD_THB Resetting 4-Hour Boundary.
2026-03-15 10:46:36,198 - INFO - USD_THB Syncing historical state... Finding the signal.
2026-03-15 10:46:36,306 - INFO - Trip Completed: Top -> Bottom. Signal is now BUY.
2026-03-15 10:46:36,310 - INFO - Trip Completed: Bottom -> Top. Signal is now SHORT.
2026-03-15 10:46:36,317 - INFO - USD_THB Final Sync Result: SignalState.SHORT
2026-03-15 10:46:36,318 - INFO - Sleeping... Waking up in 13.67 minutes.
2026-03-15 11:00:16,758 - INFO - USD_THB Resetting 4-Hour Boundary.
2026-03-15 11:00:17,039 - INFO - USD_THB Monitoring | Momentum: SHORT | Last Signal: SignalState.SHORT
2026-03-15 11:00:17,039 - INFO - Sleeping... Waking up in 14.94 minutes.
2026-03-15 11:21:41,489 - INFO - USD_THB Monitoring | Momentum: SHORT | Last Signal: SignalState.SHORT
2026-03-15 11:21:41,490 - INFO - Sleeping... Waking up in 8.86 minutes.
2026-03-15 11:30:33,289 - INFO - USD_THB Monitoring | Momentum: SHORT | Last Signal: SignalState.SHORT
2026-03-15 11:30:33,290 - INFO - Sleeping... Waking up in 14.93 minutes.
