2026-03-15 00:49:30,694 - INFO - USD_HUF Resetting 4-Hour Boundary.
2026-03-15 00:49:30,975 - INFO - USD_HUF Monitoring | Momentum: SHORT | Last Signal: SignalState.SHORT
2026-03-15 00:49:30,975 - INFO - Sleeping... Waking up in 10.66 minutes.
2026-03-15 09:30:35,602 - INFO - USD_HUF Resetting 4-Hour Boundary.
2026-03-15 09:30:35,779 - INFO - USD_HUF Monitoring | Momentum: SHORT | Last Signal: SignalState.SHORT
2026-03-15 09:30:35,779 - INFO - Sleeping... Waking up in 14.95 minutes.
2026-03-15 09:33:04,849 - INFO - Thread started. Syncing state...
2026-03-15 09:33:04,851 - INFO - USD_HUF Resetting Monthly Trend 
2026-03-15 09:33:04,932 - INFO - USD_HUF Resetting 4-Hour Boundary.
2026-03-15 09:33:05,007 - INFO - USD_HUF Syncing historical state... Finding the signal.
2026-03-15 09:33:05,133 - INFO - Trip Completed: Top -> Bottom. Signal is now BUY.
2026-03-15 09:33:05,134 - INFO - Trip Completed: Bottom -> Top. Signal is now SHORT.
2026-03-15 09:33:05,139 - INFO - USD_HUF Final Sync Result: SignalState.SHORT
2026-03-15 09:33:05,140 - INFO - Sleeping... Waking up in 12.04 minutes.
2026-03-15 09:45:07,908 - INFO - USD_HUF Monitoring | Momentum: SHORT | Last Signal: SignalState.SHORT
2026-03-15 09:45:07,911 - INFO - Sleeping... Waking up in 15.45 minutes.
2026-03-15 10:42:41,181 - INFO - Thread started. Syncing state...
2026-03-15 10:42:41,181 - INFO - USD_HUF Resetting Monthly Trend 
2026-03-15 10:42:41,273 - INFO - USD_HUF Resetting 4-Hour Boundary.
2026-03-15 10:42:41,479 - INFO - USD_HUF Syncing historical state... Finding the signal.
2026-03-15 10:42:41,659 - INFO - Trip Completed: Top -> Bottom. Signal is now BUY.
2026-03-15 10:42:41,663 - INFO - Trip Completed: Bottom -> Top. Signal is now SHORT.
2026-03-15 10:42:41,670 - INFO - USD_HUF Final Sync Result: SignalState.SHORT
2026-03-15 10:42:41,671 - INFO - Sleeping... Waking up in 2.78 minutes.
2026-03-15 10:45:28,537 - INFO - USD_HUF Monitoring | Momentum: SHORT | Last Signal: SignalState.SHORT
2026-03-15 10:45:28,540 - INFO - Sleeping... Waking up in 14.98 minutes.
2026-03-15 10:46:13,895 - INFO - Thread started. Syncing state...
2026-03-15 10:46:13,895 - INFO - USD_HUF Resetting Monthly Trend 
2026-03-15 10:46:13,977 - INFO - USD_HUF Resetting 4-Hour Boundary.
2026-03-15 10:46:14,068 - INFO - USD_HUF Syncing historical state... Finding the signal.
2026-03-15 10:46:14,167 - INFO - Trip Completed: Top -> Bottom. Signal is now BUY.
2026-03-15 10:46:14,169 - INFO - Trip Completed: Bottom -> Top. Signal is now SHORT.
2026-03-15 10:46:14,173 - INFO - USD_HUF Final Sync Result: SignalState.SHORT
2026-03-15 10:46:14,174 - INFO - Sleeping... Waking up in 13.98 minutes.
2026-03-15 11:00:12,691 - INFO - USD_HUF Resetting 4-Hour Boundary.
2026-03-15 11:00:12,904 - INFO - USD_HUF Monitoring | Momentum: SHORT | Last Signal: SignalState.SHORT
2026-03-15 11:00:12,905 - INFO - Sleeping... Waking up in 15.01 minutes.
2026-03-15 11:21:41,476 - INFO - USD_HUF Monitoring | Momentum: SHORT | Last Signal: SignalState.SHORT
2026-03-15 11:21:41,476 - INFO - Sleeping... Waking up in 8.45 minutes.
2026-03-15 11:30:08,454 - INFO - USD_HUF Monitoring | Momentum: SHORT | Last Signal: SignalState.SHORT
2026-03-15 11:30:08,455 - INFO - Sleeping... Waking up in 15.00 minutes.
