2026-03-15 01:52:06,460 - INFO - USD_ZAR Resetting 4-Hour Boundary.
2026-03-15 01:52:06,707 - INFO - USD_ZAR Monitoring | Momentum: BUY | Last Signal: SignalState.BUY
2026-03-15 01:52:06,707 - INFO - Sleeping... Waking up in 8.12 minutes.
2026-03-15 09:28:43,253 - INFO - USD_ZAR Resetting 4-Hour Boundary.
2026-03-15 09:28:43,586 - INFO - USD_ZAR Monitoring | Momentum: BUY | Last Signal: SignalState.BUY
2026-03-15 09:28:43,586 - INFO - Sleeping... Waking up in 1.44 minutes.
2026-03-15 09:30:09,797 - INFO - USD_ZAR Monitoring | Momentum: BUY | Last Signal: SignalState.BUY
2026-03-15 09:30:09,798 - INFO - Sleeping... Waking up in 15.42 minutes.
2026-03-15 09:33:07,857 - INFO - Thread started. Syncing state...
2026-03-15 09:33:07,858 - INFO - USD_ZAR Resetting Monthly Trend 
2026-03-15 09:33:07,947 - INFO - USD_ZAR Resetting 4-Hour Boundary.
2026-03-15 09:33:08,052 - INFO - USD_ZAR Syncing historical state... Finding the signal.
2026-03-15 09:33:08,133 - INFO - Trip Completed: Top -> Bottom. Signal is now BUY.
2026-03-15 09:33:08,136 - INFO - Trip Completed: Bottom -> Top. Signal is now SHORT.
2026-03-15 09:33:08,137 - INFO - Trip Completed: Top -> Bottom. Signal is now BUY.
2026-03-15 09:33:08,140 - INFO - USD_ZAR Final Sync Result: SignalState.BUY
2026-03-15 09:33:08,141 - INFO - Sleeping... Waking up in 12.13 minutes.
2026-03-15 09:45:15,983 - INFO - USD_ZAR Monitoring | Momentum: BUY | Last Signal: SignalState.BUY
2026-03-15 09:45:15,984 - INFO - Sleeping... Waking up in 14.93 minutes.
2026-03-15 10:42:44,203 - INFO - Thread started. Syncing state...
2026-03-15 10:42:44,204 - INFO - USD_ZAR Resetting Monthly Trend 
2026-03-15 10:42:44,326 - INFO - USD_ZAR Resetting 4-Hour Boundary.
2026-03-15 10:42:44,531 - INFO - USD_ZAR Syncing historical state... Finding the signal.
2026-03-15 10:42:44,634 - INFO - Trip Completed: Top -> Bottom. Signal is now BUY.
2026-03-15 10:42:44,639 - INFO - Trip Completed: Bottom -> Top. Signal is now SHORT.
2026-03-15 10:42:44,643 - INFO - Trip Completed: Top -> Bottom. Signal is now BUY.
2026-03-15 10:42:44,646 - INFO - USD_ZAR Final Sync Result: SignalState.BUY
2026-03-15 10:42:44,647 - INFO - Sleeping... Waking up in 2.58 minutes.
2026-03-15 10:45:19,525 - INFO - USD_ZAR Monitoring | Momentum: BUY | Last Signal: SignalState.BUY
2026-03-15 10:45:19,526 - INFO - Sleeping... Waking up in 15.13 minutes.
2026-03-15 10:46:16,910 - INFO - Thread started. Syncing state...
2026-03-15 10:46:16,911 - INFO - USD_ZAR Resetting Monthly Trend 
2026-03-15 10:46:16,997 - INFO - USD_ZAR Resetting 4-Hour Boundary.
2026-03-15 10:46:17,084 - INFO - USD_ZAR Syncing historical state... Finding the signal.
2026-03-15 10:46:17,171 - INFO - Trip Completed: Top -> Bottom. Signal is now BUY.
2026-03-15 10:46:17,177 - INFO - Trip Completed: Bottom -> Top. Signal is now SHORT.
2026-03-15 10:46:17,181 - INFO - Trip Completed: Top -> Bottom. Signal is now BUY.
2026-03-15 10:46:17,185 - INFO - USD_ZAR Final Sync Result: SignalState.BUY
2026-03-15 10:46:17,186 - INFO - Sleeping... Waking up in 14.09 minutes.
2026-03-15 11:00:22,450 - INFO - USD_ZAR Resetting 4-Hour Boundary.
2026-03-15 11:00:22,606 - INFO - USD_ZAR Monitoring | Momentum: BUY | Last Signal: SignalState.BUY
2026-03-15 11:00:22,607 - INFO - Sleeping... Waking up in 14.86 minutes.
2026-03-15 11:21:42,104 - INFO - USD_ZAR Monitoring | Momentum: BUY | Last Signal: SignalState.BUY
2026-03-15 11:21:42,105 - INFO - Sleeping... Waking up in 8.70 minutes.
2026-03-15 11:30:24,320 - INFO - USD_ZAR Monitoring | Momentum: BUY | Last Signal: SignalState.BUY
2026-03-15 11:30:24,322 - INFO - Sleeping... Waking up in 14.96 minutes.
