2026-03-15 00:33:27,849 - INFO - USD_CAD Resetting 4-Hour Boundary.
2026-03-15 00:33:29,415 - INFO - USD_CAD Monitoring | Momentum: SHORT | Last Signal: SignalState.SHORT
2026-03-15 00:33:29,416 - INFO - Sleeping... Waking up in 11.62 minutes.
2026-03-15 09:34:10,090 - INFO - Thread started. Syncing state...
2026-03-15 09:34:10,091 - INFO - USD_CAD Resetting Monthly Trend 
2026-03-15 09:34:10,180 - INFO - USD_CAD Resetting 4-Hour Boundary.
2026-03-15 09:34:10,274 - INFO - USD_CAD Syncing historical state... Finding the signal.
2026-03-15 09:34:10,388 - INFO - Trip Completed: Top -> Bottom. Signal is now BUY.
2026-03-15 09:34:10,391 - INFO - Trip Completed: Bottom -> Top. Signal is now SHORT.
2026-03-15 09:34:10,395 - INFO - Trip Completed: Top -> Bottom. Signal is now BUY.
2026-03-15 09:34:10,395 - INFO - Trip Completed: Bottom -> Top. Signal is now SHORT.
2026-03-15 09:34:10,396 - INFO - Trip Completed: Top -> Bottom. Signal is now BUY.
2026-03-15 09:34:10,398 - INFO - Trip Completed: Bottom -> Top. Signal is now SHORT.
2026-03-15 09:34:10,399 - INFO - USD_CAD Final Sync Result: SignalState.SHORT
2026-03-15 09:34:10,400 - INFO - Sleeping... Waking up in 10.97 minutes.
2026-03-15 09:45:09,030 - INFO - USD_CAD Monitoring | Momentum: SHORT | Last Signal: SignalState.SHORT
2026-03-15 09:45:09,030 - INFO - Sleeping... Waking up in 15.10 minutes.
2026-03-15 10:43:46,516 - INFO - Thread started. Syncing state...
2026-03-15 10:43:46,517 - INFO - USD_CAD Resetting Monthly Trend 
2026-03-15 10:43:46,599 - INFO - USD_CAD Resetting 4-Hour Boundary.
2026-03-15 10:43:46,751 - INFO - USD_CAD Syncing historical state... Finding the signal.
2026-03-15 10:43:46,910 - INFO - Trip Completed: Top -> Bottom. Signal is now BUY.
2026-03-15 10:43:46,911 - INFO - Trip Completed: Bottom -> Top. Signal is now SHORT.
2026-03-15 10:43:46,914 - INFO - Trip Completed: Top -> Bottom. Signal is now BUY.
2026-03-15 10:43:46,914 - INFO - Trip Completed: Bottom -> Top. Signal is now SHORT.
2026-03-15 10:43:46,916 - INFO - Trip Completed: Top -> Bottom. Signal is now BUY.
2026-03-15 10:43:46,918 - INFO - Trip Completed: Bottom -> Top. Signal is now SHORT.
2026-03-15 10:43:46,919 - INFO - USD_CAD Final Sync Result: SignalState.SHORT
2026-03-15 10:43:46,919 - INFO - Sleeping... Waking up in 1.49 minutes.
2026-03-15 10:45:16,377 - INFO - USD_CAD Monitoring | Momentum: SHORT | Last Signal: SignalState.SHORT
2026-03-15 10:45:16,378 - INFO - Sleeping... Waking up in 15.17 minutes.
2026-03-15 10:47:19,215 - INFO - Thread started. Syncing state...
2026-03-15 10:47:19,216 - INFO - USD_CAD Resetting Monthly Trend 
2026-03-15 10:47:19,432 - INFO - USD_CAD Resetting 4-Hour Boundary.
2026-03-15 10:47:19,601 - INFO - USD_CAD Syncing historical state... Finding the signal.
2026-03-15 10:47:19,699 - INFO - Trip Completed: Top -> Bottom. Signal is now BUY.
2026-03-15 10:47:19,708 - INFO - Trip Completed: Bottom -> Top. Signal is now SHORT.
2026-03-15 10:47:19,717 - INFO - Trip Completed: Top -> Bottom. Signal is now BUY.
2026-03-15 10:47:19,723 - INFO - Trip Completed: Bottom -> Top. Signal is now SHORT.
2026-03-15 10:47:19,734 - INFO - Trip Completed: Top -> Bottom. Signal is now BUY.
2026-03-15 10:47:19,737 - INFO - Trip Completed: Bottom -> Top. Signal is now SHORT.
2026-03-15 10:47:19,737 - INFO - USD_CAD Final Sync Result: SignalState.SHORT
2026-03-15 10:47:19,738 - INFO - Sleeping... Waking up in 12.80 minutes.
2026-03-15 11:00:07,977 - INFO - USD_CAD Resetting 4-Hour Boundary.
2026-03-15 11:00:08,188 - INFO - USD_CAD Monitoring | Momentum: SHORT | Last Signal: SignalState.SHORT
2026-03-15 11:00:08,188 - INFO - Sleeping... Waking up in 15.29 minutes.
2026-03-15 11:21:54,057 - INFO - USD_CAD Monitoring | Momentum: SHORT | Last Signal: SignalState.SHORT
2026-03-15 11:21:54,058 - INFO - Sleeping... Waking up in 8.48 minutes.
2026-03-15 11:30:22,895 - INFO - USD_CAD Monitoring | Momentum: SHORT | Last Signal: SignalState.SHORT
2026-03-15 11:30:22,897 - INFO - Sleeping... Waking up in 15.09 minutes.
