2026-03-15 00:04:46,444 - INFO - USD_CNH Resetting 4-Hour Boundary.
2026-03-15 00:04:46,661 - INFO - Sleeping... Waking up in 10.66 minutes.
2026-03-15 09:30:16,730 - INFO - USD_CNH Resetting 4-Hour Boundary.
2026-03-15 09:30:16,935 - INFO - Sleeping... Waking up in 15.22 minutes.
2026-03-15 09:34:06,073 - INFO - Thread started. Syncing state...
2026-03-15 09:34:06,075 - INFO - USD_CNH Resetting Monthly Trend 
2026-03-15 09:34:06,155 - INFO - USD_CNH Resetting 4-Hour Boundary.
2026-03-15 09:34:06,256 - INFO - USD_CNH Syncing historical state... Finding the signal.
2026-03-15 09:34:06,340 - INFO - Trip Completed: Bottom -> Top. Signal is now SHORT.
2026-03-15 09:34:06,342 - INFO - Trip Completed: Top -> Bottom. Signal is now BUY.
2026-03-15 09:34:06,343 - INFO - Trip Completed: Bottom -> Top. Signal is now SHORT.
2026-03-15 09:34:06,345 - INFO - Trip Completed: Top -> Bottom. Signal is now BUY.
2026-03-15 09:34:06,346 - INFO - USD_CNH Final Sync Result: SignalState.BUY
2026-03-15 09:34:06,346 - INFO - Sleeping... Waking up in 11.36 minutes.
2026-03-15 09:45:27,867 - INFO - Sleeping... Waking up in 14.74 minutes.
2026-03-15 10:43:42,498 - INFO - Thread started. Syncing state...
2026-03-15 10:43:42,501 - INFO - USD_CNH Resetting Monthly Trend 
2026-03-15 10:43:42,635 - INFO - USD_CNH Resetting 4-Hour Boundary.
2026-03-15 10:43:42,731 - INFO - USD_CNH Syncing historical state... Finding the signal.
2026-03-15 10:43:42,830 - INFO - Trip Completed: Bottom -> Top. Signal is now SHORT.
2026-03-15 10:43:42,832 - INFO - Trip Completed: Top -> Bottom. Signal is now BUY.
2026-03-15 10:43:42,834 - INFO - Trip Completed: Bottom -> Top. Signal is now SHORT.
2026-03-15 10:43:42,837 - INFO - Trip Completed: Top -> Bottom. Signal is now BUY.
2026-03-15 10:43:42,839 - INFO - USD_CNH Final Sync Result: SignalState.BUY
2026-03-15 10:43:42,839 - INFO - Sleeping... Waking up in 1.57 minutes.
2026-03-15 10:45:17,169 - INFO - Sleeping... Waking up in 15.07 minutes.
2026-03-15 10:47:15,198 - INFO - Thread started. Syncing state...
2026-03-15 10:47:15,198 - INFO - USD_CNH Resetting Monthly Trend 
2026-03-15 10:47:15,300 - INFO - USD_CNH Resetting 4-Hour Boundary.
2026-03-15 10:47:15,382 - INFO - USD_CNH Syncing historical state... Finding the signal.
2026-03-15 10:47:15,474 - INFO - Trip Completed: Bottom -> Top. Signal is now SHORT.
2026-03-15 10:47:15,479 - INFO - Trip Completed: Top -> Bottom. Signal is now BUY.
2026-03-15 10:47:15,482 - INFO - Trip Completed: Bottom -> Top. Signal is now SHORT.
2026-03-15 10:47:15,489 - INFO - Trip Completed: Top -> Bottom. Signal is now BUY.
2026-03-15 10:47:15,491 - INFO - USD_CNH Final Sync Result: SignalState.BUY
2026-03-15 10:47:15,491 - INFO - Sleeping... Waking up in 12.87 minutes.
2026-03-15 11:00:07,665 - INFO - USD_CNH Resetting 4-Hour Boundary.
2026-03-15 11:00:08,352 - INFO - Sleeping... Waking up in 15.44 minutes.
2026-03-15 11:22:03,160 - INFO - Sleeping... Waking up in 8.34 minutes.
2026-03-15 11:30:23,496 - INFO - Sleeping... Waking up in 15.10 minutes.
