2026-03-15 00:49:33,651 - INFO - USD_JPY Resetting 4-Hour Boundary.
2026-03-15 00:49:34,316 - INFO - Sleeping... Waking up in 10.60 minutes.
2026-03-15 09:30:33,440 - INFO - USD_JPY Resetting 4-Hour Boundary.
2026-03-15 09:30:33,609 - INFO - Sleeping... Waking up in 14.83 minutes.
2026-03-15 09:33:18,899 - INFO - Thread started. Syncing state...
2026-03-15 09:33:18,900 - INFO - USD_JPY Resetting Monthly Trend 
2026-03-15 09:33:18,999 - INFO - USD_JPY Resetting 4-Hour Boundary.
2026-03-15 09:33:19,088 - INFO - USD_JPY Syncing historical state... Finding the signal.
2026-03-15 09:33:19,210 - INFO - USD_JPY Info: Price has not traveled between both bands in the last 150 candles.
2026-03-15 09:33:19,211 - INFO - Sleeping... Waking up in 11.92 minutes.
2026-03-15 09:45:14,367 - INFO - Sleeping... Waking up in 15.04 minutes.
2026-03-15 10:42:55,272 - INFO - Thread started. Syncing state...
2026-03-15 10:42:55,274 - INFO - USD_JPY Resetting Monthly Trend 
2026-03-15 10:42:55,368 - INFO - USD_JPY Resetting 4-Hour Boundary.
2026-03-15 10:42:55,478 - INFO - USD_JPY Syncing historical state... Finding the signal.
2026-03-15 10:42:55,623 - INFO - USD_JPY Info: Price has not traveled between both bands in the last 150 candles.
2026-03-15 10:42:55,623 - INFO - Sleeping... Waking up in 2.19 minutes.
2026-03-15 10:45:07,163 - INFO - Sleeping... Waking up in 15.46 minutes.
2026-03-15 10:46:27,971 - INFO - Thread started. Syncing state...
2026-03-15 10:46:27,972 - INFO - USD_JPY Resetting Monthly Trend 
2026-03-15 10:46:28,082 - INFO - USD_JPY Resetting 4-Hour Boundary.
2026-03-15 10:46:28,187 - INFO - USD_JPY Syncing historical state... Finding the signal.
2026-03-15 10:46:28,310 - INFO - USD_JPY Info: Price has not traveled between both bands in the last 150 candles.
2026-03-15 10:46:28,310 - INFO - Sleeping... Waking up in 13.75 minutes.
2026-03-15 11:00:13,095 - INFO - USD_JPY Resetting 4-Hour Boundary.
2026-03-15 11:00:13,343 - INFO - Sleeping... Waking up in 15.08 minutes.
2026-03-15 11:21:46,235 - INFO - Sleeping... Waking up in 8.46 minutes.
2026-03-15 11:30:13,818 - INFO - Sleeping... Waking up in 14.98 minutes.
