2026-03-15 02:23:08,832 - INFO - USD_HKD Resetting 4-Hour Boundary.
2026-03-15 02:23:09,111 - INFO - Sleeping... Waking up in 7.28 minutes.
2026-03-15 09:28:11,506 - INFO - USD_HKD Resetting 4-Hour Boundary.
2026-03-15 09:28:11,692 - INFO - Sleeping... Waking up in 2.05 minutes.
2026-03-15 09:30:14,732 - INFO - Sleeping... Waking up in 14.93 minutes.
2026-03-15 09:33:33,954 - INFO - Thread started. Syncing state...
2026-03-15 09:33:33,955 - INFO - USD_HKD Resetting Monthly Trend 
2026-03-15 09:33:34,040 - INFO - USD_HKD Resetting 4-Hour Boundary.
2026-03-15 09:33:34,208 - INFO - USD_HKD Syncing historical state... Finding the signal.
2026-03-15 09:33:34,320 - INFO - Trip Completed: Bottom -> Top. Signal is now SHORT.
2026-03-15 09:33:34,322 - INFO - Trip Completed: Top -> Bottom. Signal is now BUY.
2026-03-15 09:33:34,324 - INFO - Trip Completed: Bottom -> Top. Signal is now SHORT.
2026-03-15 09:33:34,325 - INFO - USD_HKD Final Sync Result: SignalState.SHORT
2026-03-15 09:33:34,325 - INFO - Sleeping... Waking up in 11.68 minutes.
2026-03-15 09:45:14,960 - INFO - Sleeping... Waking up in 15.22 minutes.
2026-03-15 10:43:10,346 - INFO - Thread started. Syncing state...
2026-03-15 10:43:10,347 - INFO - USD_HKD Resetting Monthly Trend 
2026-03-15 10:43:10,452 - INFO - USD_HKD Resetting 4-Hour Boundary.
2026-03-15 10:43:10,555 - INFO - USD_HKD Syncing historical state... Finding the signal.
2026-03-15 10:43:10,644 - INFO - Trip Completed: Bottom -> Top. Signal is now SHORT.
2026-03-15 10:43:10,647 - INFO - Trip Completed: Top -> Bottom. Signal is now BUY.
2026-03-15 10:43:10,654 - INFO - Trip Completed: Bottom -> Top. Signal is now SHORT.
2026-03-15 10:43:10,655 - INFO - USD_HKD Final Sync Result: SignalState.SHORT
2026-03-15 10:43:10,655 - INFO - Sleeping... Waking up in 2.01 minutes.
2026-03-15 10:45:11,460 - INFO - Sleeping... Waking up in 15.36 minutes.
2026-03-15 10:46:43,042 - INFO - Thread started. Syncing state...
2026-03-15 10:46:43,043 - INFO - USD_HKD Resetting Monthly Trend 
2026-03-15 10:46:43,214 - INFO - USD_HKD Resetting 4-Hour Boundary.
2026-03-15 10:46:43,693 - INFO - USD_HKD Syncing historical state... Finding the signal.
2026-03-15 10:46:43,798 - INFO - Trip Completed: Bottom -> Top. Signal is now SHORT.
2026-03-15 10:46:43,803 - INFO - Trip Completed: Top -> Bottom. Signal is now BUY.
2026-03-15 10:46:43,811 - INFO - Trip Completed: Bottom -> Top. Signal is now SHORT.
2026-03-15 10:46:43,812 - INFO - USD_HKD Final Sync Result: SignalState.SHORT
2026-03-15 10:46:43,812 - INFO - Sleeping... Waking up in 13.38 minutes.
2026-03-15 11:00:06,738 - INFO - USD_HKD Resetting 4-Hour Boundary.
2026-03-15 11:00:07,342 - INFO - Sleeping... Waking up in 15.14 minutes.
2026-03-15 11:21:44,036 - INFO - Sleeping... Waking up in 8.54 minutes.
2026-03-15 11:30:16,370 - INFO - Sleeping... Waking up in 14.89 minutes.
