2026-03-15 00:17:49,198 - INFO - USD_PLN Resetting 4-Hour Boundary.
2026-03-15 00:17:49,403 - INFO - USD_PLN Monitoring | Momentum: SHORT | Last Signal: SignalState.SHORT
2026-03-15 00:17:49,403 - INFO - Sleeping... Waking up in 12.54 minutes.
2026-03-15 09:33:10,872 - INFO - Thread started. Syncing state...
2026-03-15 09:33:10,873 - INFO - USD_PLN Resetting Monthly Trend 
2026-03-15 09:33:10,978 - INFO - USD_PLN Resetting 4-Hour Boundary.
2026-03-15 09:33:11,079 - INFO - USD_PLN Syncing historical state... Finding the signal.
2026-03-15 09:33:11,171 - INFO - Trip Completed: Top -> Bottom. Signal is now BUY.
2026-03-15 09:33:11,171 - INFO - Trip Completed: Bottom -> Top. Signal is now SHORT.
2026-03-15 09:33:11,174 - INFO - Trip Completed: Top -> Bottom. Signal is now BUY.
2026-03-15 09:33:11,175 - INFO - Trip Completed: Bottom -> Top. Signal is now SHORT.
2026-03-15 09:33:11,176 - INFO - USD_PLN Final Sync Result: SignalState.SHORT
2026-03-15 09:33:11,177 - INFO - Sleeping... Waking up in 11.96 minutes.
2026-03-15 09:45:09,273 - INFO - USD_PLN Monitoring | Momentum: SHORT | Last Signal: SignalState.SHORT
2026-03-15 09:45:09,275 - INFO - Sleeping... Waking up in 14.98 minutes.
2026-03-15 10:42:47,223 - INFO - Thread started. Syncing state...
2026-03-15 10:42:47,224 - INFO - USD_PLN Resetting Monthly Trend 
2026-03-15 10:42:47,347 - INFO - USD_PLN Resetting 4-Hour Boundary.
2026-03-15 10:42:47,574 - INFO - USD_PLN Syncing historical state... Finding the signal.
2026-03-15 10:42:47,703 - INFO - Trip Completed: Top -> Bottom. Signal is now BUY.
2026-03-15 10:42:47,705 - INFO - Trip Completed: Bottom -> Top. Signal is now SHORT.
2026-03-15 10:42:47,714 - INFO - Trip Completed: Top -> Bottom. Signal is now BUY.
2026-03-15 10:42:47,718 - INFO - Trip Completed: Bottom -> Top. Signal is now SHORT.
2026-03-15 10:42:47,719 - INFO - USD_PLN Final Sync Result: SignalState.SHORT
2026-03-15 10:42:47,719 - INFO - Sleeping... Waking up in 2.56 minutes.
2026-03-15 10:45:21,697 - INFO - USD_PLN Monitoring | Momentum: SHORT | Last Signal: SignalState.SHORT
2026-03-15 10:45:21,698 - INFO - Sleeping... Waking up in 15.02 minutes.
2026-03-15 10:46:19,927 - INFO - Thread started. Syncing state...
2026-03-15 10:46:19,927 - INFO - USD_PLN Resetting Monthly Trend 
2026-03-15 10:46:20,059 - INFO - USD_PLN Resetting 4-Hour Boundary.
2026-03-15 10:46:20,152 - INFO - USD_PLN Syncing historical state... Finding the signal.
2026-03-15 10:46:20,262 - INFO - Trip Completed: Top -> Bottom. Signal is now BUY.
2026-03-15 10:46:20,265 - INFO - Trip Completed: Bottom -> Top. Signal is now SHORT.
2026-03-15 10:46:20,272 - INFO - Trip Completed: Top -> Bottom. Signal is now BUY.
2026-03-15 10:46:20,275 - INFO - Trip Completed: Bottom -> Top. Signal is now SHORT.
2026-03-15 10:46:20,276 - INFO - USD_PLN Final Sync Result: SignalState.SHORT
2026-03-15 10:46:20,276 - INFO - Sleeping... Waking up in 14.14 minutes.
2026-03-15 11:00:28,761 - INFO - USD_PLN Resetting 4-Hour Boundary.
2026-03-15 11:00:29,197 - INFO - USD_PLN Monitoring | Momentum: SHORT | Last Signal: SignalState.SHORT
2026-03-15 11:00:29,197 - INFO - Sleeping... Waking up in 15.07 minutes.
2026-03-15 11:22:01,506 - INFO - USD_PLN Monitoring | Momentum: SHORT | Last Signal: SignalState.SHORT
2026-03-15 11:22:01,506 - INFO - Sleeping... Waking up in 8.23 minutes.
2026-03-15 11:30:15,111 - INFO - USD_PLN Monitoring | Momentum: SHORT | Last Signal: SignalState.SHORT
2026-03-15 11:30:15,113 - INFO - Sleeping... Waking up in 15.03 minutes.
