2026-03-15 00:33:31,739 - INFO - USD_CHF Resetting 4-Hour Boundary.
2026-03-15 00:33:31,900 - INFO - USD_CHF Monitoring | Momentum: SHORT | Last Signal: SignalState.SHORT
2026-03-15 00:33:31,900 - INFO - Sleeping... Waking up in 11.93 minutes.
2026-03-15 09:33:31,944 - INFO - Thread started. Syncing state...
2026-03-15 09:33:31,945 - INFO - USD_CHF Resetting Monthly Trend 
2026-03-15 09:33:32,024 - INFO - USD_CHF Resetting 4-Hour Boundary.
2026-03-15 09:33:32,123 - INFO - USD_CHF Syncing historical state... Finding the signal.
2026-03-15 09:33:32,237 - INFO - Trip Completed: Top -> Bottom. Signal is now BUY.
2026-03-15 09:33:32,237 - INFO - Trip Completed: Bottom -> Top. Signal is now SHORT.
2026-03-15 09:33:32,240 - INFO - Trip Completed: Top -> Bottom. Signal is now BUY.
2026-03-15 09:33:32,240 - INFO - Trip Completed: Bottom -> Top. Signal is now SHORT.
2026-03-15 09:33:32,241 - INFO - USD_CHF Final Sync Result: SignalState.SHORT
2026-03-15 09:33:32,241 - INFO - Sleeping... Waking up in 11.64 minutes.
2026-03-15 09:45:10,676 - INFO - USD_CHF Monitoring | Momentum: SHORT | Last Signal: SignalState.SHORT
2026-03-15 09:45:10,677 - INFO - Sleeping... Waking up in 15.37 minutes.
2026-03-15 10:43:08,334 - INFO - Thread started. Syncing state...
2026-03-15 10:43:08,337 - INFO - USD_CHF Resetting Monthly Trend 
2026-03-15 10:43:08,492 - INFO - USD_CHF Resetting 4-Hour Boundary.
2026-03-15 10:43:08,581 - INFO - USD_CHF Syncing historical state... Finding the signal.
2026-03-15 10:43:08,690 - INFO - Trip Completed: Top -> Bottom. Signal is now BUY.
2026-03-15 10:43:08,693 - INFO - Trip Completed: Bottom -> Top. Signal is now SHORT.
2026-03-15 10:43:08,699 - INFO - Trip Completed: Top -> Bottom. Signal is now BUY.
2026-03-15 10:43:08,701 - INFO - Trip Completed: Bottom -> Top. Signal is now SHORT.
2026-03-15 10:43:08,702 - INFO - USD_CHF Final Sync Result: SignalState.SHORT
2026-03-15 10:43:08,702 - INFO - Sleeping... Waking up in 2.30 minutes.
2026-03-15 10:45:26,996 - INFO - USD_CHF Monitoring | Momentum: SHORT | Last Signal: SignalState.SHORT
2026-03-15 10:45:26,998 - INFO - Sleeping... Waking up in 14.78 minutes.
2026-03-15 10:46:41,034 - INFO - Thread started. Syncing state...
2026-03-15 10:46:41,035 - INFO - USD_CHF Resetting Monthly Trend 
2026-03-15 10:46:41,124 - INFO - USD_CHF Resetting 4-Hour Boundary.
2026-03-15 10:46:41,218 - INFO - USD_CHF Syncing historical state... Finding the signal.
2026-03-15 10:46:41,324 - INFO - Trip Completed: Top -> Bottom. Signal is now BUY.
2026-03-15 10:46:41,326 - INFO - Trip Completed: Bottom -> Top. Signal is now SHORT.
2026-03-15 10:46:41,333 - INFO - Trip Completed: Top -> Bottom. Signal is now BUY.
2026-03-15 10:46:41,335 - INFO - Trip Completed: Bottom -> Top. Signal is now SHORT.
2026-03-15 10:46:41,336 - INFO - USD_CHF Final Sync Result: SignalState.SHORT
2026-03-15 10:46:41,336 - INFO - Sleeping... Waking up in 13.67 minutes.
2026-03-15 11:00:21,299 - INFO - USD_CHF Resetting 4-Hour Boundary.
2026-03-15 11:00:21,601 - INFO - USD_CHF Monitoring | Momentum: SHORT | Last Signal: SignalState.SHORT
2026-03-15 11:00:21,602 - INFO - Sleeping... Waking up in 14.86 minutes.
2026-03-15 11:21:41,235 - INFO - USD_CHF Monitoring | Momentum: SHORT | Last Signal: SignalState.SHORT
2026-03-15 11:21:41,235 - INFO - Sleeping... Waking up in 8.70 minutes.
2026-03-15 11:30:23,068 - INFO - USD_CHF Monitoring | Momentum: SHORT | Last Signal: SignalState.SHORT
2026-03-15 11:30:23,070 - INFO - Sleeping... Waking up in 14.90 minutes.
